
> @commonpub/reference@0.4.1 build /Users/obsidian/Projects/ossuary-projects/commonpub/apps/reference
> nuxt build

┌  Building Nuxt for production...
│
●  Nuxt 3.21.1 (with Nitro 2.13.1, Vite 6.4.1 and Vue 3.5.30)
│
●  Nitro preset: node-server
ℹ Building client...
ℹ vite v7.3.1 building client environment for production...
ℹ transforming...
ℹ ✓ 1588 modules transformed.
ℹ rendering chunks...
ℹ computing gzip size...
ℹ .nuxt/dist/client/manifest.json                         41.02 kB │ gzip:   3.84 kB
ℹ .nuxt/dist/client/_nuxt/verify-email.DtJYGrd_.css        0.58 kB │ gzip:   0.29 kB
ℹ .nuxt/dist/client/_nuxt/CountdownTimer.BJmhrNPV.css      0.58 kB │ gzip:   0.30 kB
ℹ .nuxt/dist/client/_nuxt/appearance.DB4kFwAu.css          0.67 kB │ gzip:   0.31 kB
ℹ .nuxt/dist/client/_nuxt/index.CItVzstQ.css               0.67 kB │ gzip:   0.33 kB
ℹ .nuxt/dist/client/_nuxt/auth.CGrlX6lU.css                0.76 kB │ gzip:   0.35 kB
ℹ .nuxt/dist/client/_nuxt/account.KPzbs-j0.css             0.77 kB │ gzip:   0.31 kB
ℹ .nuxt/dist/client/_nuxt/_slug_.BFZ9LdTB.css              0.79 kB │ gzip:   0.37 kB
ℹ .nuxt/dist/client/_nuxt/ContentTypeBadge.Dnr759Nm.css    0.80 kB │ gzip:   0.34 kB
ℹ .nuxt/dist/client/_nuxt/create.BYssfLYx.css              0.87 kB │ gzip:   0.35 kB
ℹ .nuxt/dist/client/_nuxt/audit.BzpdgjbE.css               0.89 kB │ gzip:   0.33 kB
ℹ .nuxt/dist/client/_nuxt/AuthorRow.ClcxXtj9.css           0.93 kB │ gzip:   0.38 kB
ℹ .nuxt/dist/client/_nuxt/create.DsfsadPh.css              0.94 kB │ gzip:   0.36 kB
ℹ .nuxt/dist/client/_nuxt/index.2RwB9JKp.css               1.15 kB │ gzip:   0.46 kB
ℹ .nuxt/dist/client/_nuxt/_conversationId_.CuMDewTE.css    1.26 kB │ gzip:   0.45 kB
ℹ .nuxt/dist/client/_nuxt/index.CMREkVdL.css               1.29 kB │ gzip:   0.48 kB
ℹ .nuxt/dist/client/_nuxt/notifications.DPrG148p.css       1.33 kB │ gzip:   0.47 kB
ℹ .nuxt/dist/client/_nuxt/feed.BpUys8-q.css                1.39 kB │ gzip:   0.51 kB
ℹ .nuxt/dist/client/_nuxt/followers.CW2jW975.css           1.41 kB │ gzip:   0.48 kB
ℹ .nuxt/dist/client/_nuxt/following.Ds8I1PUf.css           1.41 kB │ gzip:   0.48 kB
ℹ .nuxt/dist/client/_nuxt/settings.BTr64Mkp.css            1.51 kB │ gzip:   0.53 kB
ℹ .nuxt/dist/client/_nuxt/editor.CqYnHnxn.css              1.59 kB │ gzip:   0.54 kB
ℹ .nuxt/dist/client/_nuxt/submit.C9DcTXxB.css              1.59 kB │ gzip:   0.55 kB
ℹ .nuxt/dist/client/_nuxt/content.CSIbBkXB.css             1.61 kB │ gzip:   0.51 kB
ℹ .nuxt/dist/client/_nuxt/entry.Bz2xTzR-.css               1.66 kB │ gzip:   0.65 kB
ℹ .nuxt/dist/client/_nuxt/settings.CbiJXFty.css            1.70 kB │ gzip:   0.48 kB
ℹ .nuxt/dist/client/_nuxt/admin.Ckq8Q3HJ.css               1.74 kB │ gzip:   0.54 kB
ℹ .nuxt/dist/client/_nuxt/create.Cl_cQ-qD.css              1.74 kB │ gzip:   0.59 kB
ℹ .nuxt/dist/client/_nuxt/index.DIgCkXGu.css               1.80 kB │ gzip:   0.48 kB
ℹ .nuxt/dist/client/_nuxt/reports.CyVI8vc5.css             1.81 kB │ gzip:   0.54 kB
ℹ .nuxt/dist/client/_nuxt/_id_.BmnDviOM.css                1.83 kB │ gzip:   0.55 kB
ℹ .nuxt/dist/client/_nuxt/index.x7k1_5WZ.css               1.94 kB │ gzip:   0.68 kB
ℹ .nuxt/dist/client/_nuxt/reset-password.BYp2gaQR.css      2.00 kB │ gzip:   0.66 kB
ℹ .nuxt/dist/client/_nuxt/create.Dovj27ro.css              2.07 kB │ gzip:   0.64 kB
ℹ .nuxt/dist/client/_nuxt/about.n1PVnmsU.css               2.08 kB │ gzip:   0.68 kB
ℹ .nuxt/dist/client/_nuxt/login.DUjBBppz.css               2.11 kB │ gzip:   0.65 kB
ℹ .nuxt/dist/client/_nuxt/index.DFYPTYdo.css               2.14 kB │ gzip:   0.64 kB
ℹ .nuxt/dist/client/_nuxt/users.D7VAnrae.css               2.18 kB │ gzip:   0.62 kB
ℹ .nuxt/dist/client/_nuxt/forgot-password.DSLObLdT.css     2.26 kB │ gzip:   0.69 kB
ℹ .nuxt/dist/client/_nuxt/register.vaMATznA.css            2.26 kB │ gzip:   0.69 kB
ℹ .nuxt/dist/client/_nuxt/edit.CrSvFUNv.css                2.28 kB │ gzip:   0.69 kB
ℹ .nuxt/dist/client/_nuxt/create.CHKayAT4.css              2.35 kB │ gzip:   0.70 kB
ℹ .nuxt/dist/client/_nuxt/members.DM43JB5p.css             2.44 kB │ gzip:   0.68 kB
ℹ .nuxt/dist/client/_nuxt/_code_.B4C1AYOc.css              2.59 kB │ gzip:   0.73 kB
ℹ .nuxt/dist/client/_nuxt/index.C03FtpaL.css               2.93 kB │ gzip:   0.81 kB
ℹ .nuxt/dist/client/_nuxt/index.Bth37xzy.css               2.95 kB │ gzip:   0.82 kB
ℹ .nuxt/dist/client/_nuxt/judge.B5ImFCZ8.css               3.01 kB │ gzip:   0.81 kB
ℹ .nuxt/dist/client/_nuxt/federation.Q0e8fM1D.css          3.01 kB │ gzip:   0.73 kB
ℹ .nuxt/dist/client/_nuxt/ContentCard.B_gX0123.css         3.16 kB │ gzip:   0.94 kB
ℹ .nuxt/dist/client/_nuxt/_slug_.8oWQ1AP3.css              3.29 kB │ gzip:   0.88 kB
ℹ .nuxt/dist/client/_nuxt/dashboard.CP1uhhZl.css           3.78 kB │ gzip:   0.93 kB
ℹ .nuxt/dist/client/_nuxt/edit.DJCWNWJr.css                4.21 kB │ gzip:   1.01 kB
ℹ .nuxt/dist/client/_nuxt/explore.DQpYRHSc.css             4.54 kB │ gzip:   1.02 kB
ℹ .nuxt/dist/client/_nuxt/edit.BIILVcI3.css                5.20 kB │ gzip:   1.17 kB
ℹ .nuxt/dist/client/_nuxt/profile.CRlPmvoj.css             5.82 kB │ gzip:   1.22 kB
ℹ .nuxt/dist/client/_nuxt/index.BWiQdL8I.css               5.83 kB │ gzip:   1.34 kB
ℹ .nuxt/dist/client/_nuxt/index.D7KAznPS.css               7.72 kB │ gzip:   1.54 kB
ℹ .nuxt/dist/client/_nuxt/default._EYPNiZD.css             8.42 kB │ gzip:   1.76 kB
ℹ .nuxt/dist/client/_nuxt/edit.CiTjPBJ8.css                8.51 kB │ gzip:   1.61 kB
ℹ .nuxt/dist/client/_nuxt/_...BZiavFx7.css                 9.42 kB │ gzip:   1.90 kB
ℹ .nuxt/dist/client/_nuxt/index.D8CavkyM.css               9.91 kB │ gzip:   1.96 kB
ℹ .nuxt/dist/client/_nuxt/index.CwvIARVk.css              10.18 kB │ gzip:   1.97 kB
ℹ .nuxt/dist/client/_nuxt/index.BHDL2lOU.css              10.80 kB │ gzip:   2.08 kB
ℹ .nuxt/dist/client/_nuxt/search.C6Fbat70.css             11.86 kB │ gzip:   2.45 kB
ℹ .nuxt/dist/client/_nuxt/index.SryL9rRC.css              13.28 kB │ gzip:   2.30 kB
ℹ .nuxt/dist/client/_nuxt/index.B0Ub1w7N.css              15.03 kB │ gzip:   2.33 kB
ℹ .nuxt/dist/client/_nuxt/index.Bu06XLYr.css              16.77 kB │ gzip:   2.78 kB
ℹ .nuxt/dist/client/_nuxt/index.B7ycwZ9M.css              22.74 kB │ gzip:   3.42 kB
ℹ .nuxt/dist/client/_nuxt/ExplainerView.CQaLm1v2.css      31.96 kB │ gzip:   5.01 kB
ℹ .nuxt/dist/client/_nuxt/index.ClXUN7V5.css              43.60 kB │ gzip:   5.95 kB
ℹ .nuxt/dist/client/_nuxt/edit.2_r2K-v2.css               89.74 kB │ gzip:  11.42 kB
ℹ .nuxt/dist/client/_nuxt/NCCYHeMn.js                      0.06 kB │ gzip:   0.08 kB
ℹ .nuxt/dist/client/_nuxt/JiJb9p6a.js                      0.22 kB │ gzip:   0.20 kB
ℹ .nuxt/dist/client/_nuxt/28ytn3d9.js                      0.36 kB │ gzip:   0.22 kB
ℹ .nuxt/dist/client/_nuxt/BIkmB5oc.js                      0.38 kB │ gzip:   0.27 kB
ℹ .nuxt/dist/client/_nuxt/BzMZE2-y.js                      0.56 kB │ gzip:   0.31 kB
ℹ .nuxt/dist/client/_nuxt/Di9TjQEY.js                      0.57 kB │ gzip:   0.37 kB
ℹ .nuxt/dist/client/_nuxt/BOnUNT3W.js                      0.60 kB │ gzip:   0.38 kB
ℹ .nuxt/dist/client/_nuxt/CRS2q8St.js                      0.75 kB │ gzip:   0.42 kB
ℹ .nuxt/dist/client/_nuxt/mN0OfRMz.js                      0.90 kB │ gzip:   0.53 kB
ℹ .nuxt/dist/client/_nuxt/B0eRo8Nr.js                      1.03 kB │ gzip:   0.46 kB
ℹ .nuxt/dist/client/_nuxt/Cd2PSAGu.js                      1.09 kB │ gzip:   0.54 kB
ℹ .nuxt/dist/client/_nuxt/CSPmDJ6q.js                      1.15 kB │ gzip:   0.66 kB
ℹ .nuxt/dist/client/_nuxt/Wq9SNCqR.js                      1.17 kB │ gzip:   0.59 kB
ℹ .nuxt/dist/client/_nuxt/Bwz7I4-C.js                      1.39 kB │ gzip:   0.59 kB
ℹ .nuxt/dist/client/_nuxt/B8DMgVDY.js                      1.43 kB │ gzip:   0.71 kB
ℹ .nuxt/dist/client/_nuxt/BU3mTSAO.js                      1.48 kB │ gzip:   0.87 kB
ℹ .nuxt/dist/client/_nuxt/CG4Ufz2A.js                      1.52 kB │ gzip:   0.89 kB
ℹ .nuxt/dist/client/_nuxt/7ijZYEtP.js                      1.59 kB │ gzip:   0.86 kB
ℹ .nuxt/dist/client/_nuxt/B5VmZl5k.js                      1.63 kB │ gzip:   0.89 kB
ℹ .nuxt/dist/client/_nuxt/CgVJTwJi.js                      1.66 kB │ gzip:   0.90 kB
ℹ .nuxt/dist/client/_nuxt/C10ezIT7.js                      1.90 kB │ gzip:   1.00 kB
ℹ .nuxt/dist/client/_nuxt/BfNumWhg.js                      1.99 kB │ gzip:   1.05 kB
ℹ .nuxt/dist/client/_nuxt/BdyiuLkF.js                      2.03 kB │ gzip:   1.00 kB
ℹ .nuxt/dist/client/_nuxt/C6aeTG0e.js                      2.04 kB │ gzip:   0.81 kB
ℹ .nuxt/dist/client/_nuxt/BsBnYt2c.js                      2.10 kB │ gzip:   1.10 kB
ℹ .nuxt/dist/client/_nuxt/CQRZ5s-h.js                      2.17 kB │ gzip:   1.10 kB
ℹ .nuxt/dist/client/_nuxt/Yjpb_Oe6.js                      2.26 kB │ gzip:   1.18 kB
ℹ .nuxt/dist/client/_nuxt/CxQqvtfn.js                      2.26 kB │ gzip:   1.22 kB
ℹ .nuxt/dist/client/_nuxt/DCOV-DCT.js                      2.27 kB │ gzip:   0.89 kB
ℹ .nuxt/dist/client/_nuxt/CKw6e1cl.js                      2.29 kB │ gzip:   1.03 kB
ℹ .nuxt/dist/client/_nuxt/B_nShTq3.js                      2.39 kB │ gzip:   0.97 kB
ℹ .nuxt/dist/client/_nuxt/BD7xYDOB.js                      2.49 kB │ gzip:   1.23 kB
ℹ .nuxt/dist/client/_nuxt/DD4QN0gg.js                      2.50 kB │ gzip:   1.11 kB
ℹ .nuxt/dist/client/_nuxt/BdsqHrHZ.js                      2.57 kB │ gzip:   1.32 kB
ℹ .nuxt/dist/client/_nuxt/BSSpqGFC.js                      2.58 kB │ gzip:   1.27 kB
ℹ .nuxt/dist/client/_nuxt/BWXE6DaB.js                      2.77 kB │ gzip:   1.27 kB
ℹ .nuxt/dist/client/_nuxt/qLfUOmZh.js                      2.81 kB │ gzip:   1.10 kB
ℹ .nuxt/dist/client/_nuxt/D8-6LRKd.js                      2.83 kB │ gzip:   1.52 kB
ℹ .nuxt/dist/client/_nuxt/D5mAen7r.js                      2.86 kB │ gzip:   1.41 kB
ℹ .nuxt/dist/client/_nuxt/DiJCYTP8.js                      2.91 kB │ gzip:   1.36 kB
ℹ .nuxt/dist/client/_nuxt/BywV2E5I.js                      2.92 kB │ gzip:   1.36 kB
ℹ .nuxt/dist/client/_nuxt/I5WppAIN.js                      2.94 kB │ gzip:   1.38 kB
ℹ .nuxt/dist/client/_nuxt/CxXtHEHE.js                      3.07 kB │ gzip:   1.43 kB
ℹ .nuxt/dist/client/_nuxt/DXbhSP4Z.js                      3.10 kB │ gzip:   1.49 kB
ℹ .nuxt/dist/client/_nuxt/C-DQcEwH.js                      3.13 kB │ gzip:   1.38 kB
ℹ .nuxt/dist/client/_nuxt/B1Wf7ZAn.js                      3.28 kB │ gzip:   1.51 kB
ℹ .nuxt/dist/client/_nuxt/BhURlwRP.js                      3.38 kB │ gzip:   1.59 kB
ℹ .nuxt/dist/client/_nuxt/gYWmh934.js                      3.40 kB │ gzip:   1.61 kB
ℹ .nuxt/dist/client/_nuxt/Bl0pmjL3.js                      3.41 kB │ gzip:   1.38 kB
ℹ .nuxt/dist/client/_nuxt/DHOil8BU.js                      3.51 kB │ gzip:   1.49 kB
ℹ .nuxt/dist/client/_nuxt/D4YAyJHl.js                      3.63 kB │ gzip:   1.58 kB
ℹ .nuxt/dist/client/_nuxt/DwUhJswL.js                      3.73 kB │ gzip:   1.49 kB
ℹ .nuxt/dist/client/_nuxt/D77LqejA.js                      3.80 kB │ gzip:   1.54 kB
ℹ .nuxt/dist/client/_nuxt/DmVwtreS.js                      3.88 kB │ gzip:   1.51 kB
ℹ .nuxt/dist/client/_nuxt/CV3TOu3Q.js                      4.13 kB │ gzip:   1.52 kB
ℹ .nuxt/dist/client/_nuxt/D47TAU1g.js                      4.28 kB │ gzip:   1.72 kB
ℹ .nuxt/dist/client/_nuxt/DhTY0kcp.js                      4.68 kB │ gzip:   1.82 kB
ℹ .nuxt/dist/client/_nuxt/5UO5bK7_.js                      5.74 kB │ gzip:   2.06 kB
ℹ .nuxt/dist/client/_nuxt/DZdbNl3y.js                      6.36 kB │ gzip:   2.52 kB
ℹ .nuxt/dist/client/_nuxt/4pzRhtx1.js                      6.78 kB │ gzip:   2.21 kB
ℹ .nuxt/dist/client/_nuxt/C98C4bCc.js                      7.31 kB │ gzip:   2.45 kB
ℹ .nuxt/dist/client/_nuxt/BElQ-5mn.js                      7.44 kB │ gzip:   2.81 kB
ℹ .nuxt/dist/client/_nuxt/BQYlYugv.js                      7.46 kB │ gzip:   3.52 kB
ℹ .nuxt/dist/client/_nuxt/C05_jth0.js                      7.51 kB │ gzip:   2.73 kB
ℹ .nuxt/dist/client/_nuxt/qu-RYwGu.js                      7.79 kB │ gzip:   2.90 kB
ℹ .nuxt/dist/client/_nuxt/CwzC91ki.js                      8.56 kB │ gzip:   3.00 kB
ℹ .nuxt/dist/client/_nuxt/BuGyR3fF.js                      8.60 kB │ gzip:   3.29 kB
ℹ .nuxt/dist/client/_nuxt/BgHlbsQ-.js                      9.40 kB │ gzip:   3.38 kB
ℹ .nuxt/dist/client/_nuxt/CbpVrsvi.js                      9.55 kB │ gzip:   3.48 kB
ℹ .nuxt/dist/client/_nuxt/ClcLKyVY.js                     11.59 kB │ gzip:   3.37 kB
ℹ .nuxt/dist/client/_nuxt/BPK30tJE.js                     11.93 kB │ gzip:   3.50 kB
ℹ .nuxt/dist/client/_nuxt/BQnZWVrM.js                     12.05 kB │ gzip:   4.13 kB
ℹ .nuxt/dist/client/_nuxt/Cft7JbiM.js                     12.39 kB │ gzip:   4.19 kB
ℹ .nuxt/dist/client/_nuxt/CE7mCUzG.js                     12.70 kB │ gzip:   4.03 kB
ℹ .nuxt/dist/client/_nuxt/Dzh0ge6i.js                     12.75 kB │ gzip:   4.34 kB
ℹ .nuxt/dist/client/_nuxt/DZDAY5Dz.js                     14.96 kB │ gzip:   5.28 kB
ℹ .nuxt/dist/client/_nuxt/DnbLGzJJ.js                     16.04 kB │ gzip:   5.01 kB
ℹ .nuxt/dist/client/_nuxt/DtTDxoCr.js                     22.23 kB │ gzip:   6.64 kB
ℹ .nuxt/dist/client/_nuxt/BhPGSUFs.js                     22.79 kB │ gzip:   8.73 kB
ℹ .nuxt/dist/client/_nuxt/5HlZIyPo.js                     41.89 kB │ gzip:  11.39 kB
ℹ .nuxt/dist/client/_nuxt/BiNu4uya.js                    189.65 kB │ gzip:  58.03 kB
ℹ .nuxt/dist/client/_nuxt/DtcjNz7v.js                    209.11 kB │ gzip:  77.17 kB
ℹ .nuxt/dist/client/_nuxt/D7T7mAqk.js                    412.62 kB │ gzip: 126.69 kB
ℹ ✓ built in 7.00s
✔ Client built in 7008ms
ℹ Building server...
ℹ vite v7.3.1 building ssr environment for production...
ℹ transforming...
ℹ ✓ 1653 modules transformed.
ℹ rendering chunks...
ℹ ✓ built in 7.05s
✔ Server built in 7064ms
[nitro] ✔ Generated public .output/public
[nitro] ℹ Building Nuxt Nitro server (preset: node-server, compatibility date: 2024-10-24)
[nitro] ✔ Nuxt Nitro server built
  ├─ .output/server/chunks/_/auth.mjs (1 kB) (477 B gzip)
  ├─ .output/server/chunks/_/auth.mjs.map (872 B) (295 B gzip)
  ├─ .output/server/chunks/_/error-500.mjs (4.9 kB) (2.06 kB gzip)
  ├─ .output/server/chunks/_/error-500.mjs.map (328 B) (230 B gzip)
  ├─ .output/server/chunks/_/validate.mjs (1.86 kB) (684 B gzip)
  ├─ .output/server/chunks/_/validate.mjs.map (1.84 kB) (394 B gzip)
  ├─ .output/server/chunks/build/_...pagePath_-BVetkNpN.mjs (20.7 kB) (4.5 kB gzip)
  ├─ .output/server/chunks/build/_...pagePath_-BVetkNpN.mjs.map (18.2 kB) (3.53 kB gzip)
  ├─ .output/server/chunks/build/_...pagePath_-styles.CWJlqOAe.mjs (9.71 kB) (2.03 kB gzip)
  ├─ .output/server/chunks/build/_...pagePath_-styles.CWJlqOAe.mjs.map (312 B) (205 B gzip)
  ├─ .output/server/chunks/build/_code_-PznrZ93U.mjs (5.42 kB) (1.69 kB gzip)
  ├─ .output/server/chunks/build/_code_-PznrZ93U.mjs.map (3.1 kB) (884 B gzip)
  ├─ .output/server/chunks/build/_code_-styles.r0BfFU33.mjs (2.85 kB) (859 B gzip)
  ├─ .output/server/chunks/build/_code_-styles.r0BfFU33.mjs.map (291 B) (194 B gzip)
  ├─ .output/server/chunks/build/_conversationId_-B5yp7vZg.mjs (6.6 kB) (2.19 kB gzip)
  ├─ .output/server/chunks/build/_conversationId_-B5yp7vZg.mjs.map (4.99 kB) (1.42 kB gzip)
  ├─ .output/server/chunks/build/_conversationId_-styles.DbgeS-BF.mjs (611 B) (347 B gzip)
  ├─ .output/server/chunks/build/_conversationId_-styles.DbgeS-BF.mjs.map (320 B) (200 B gzip)
  ├─ .output/server/chunks/build/_id_-BENkfQbR.mjs (7.38 kB) (2.2 kB gzip)
  ├─ .output/server/chunks/build/_id_-BENkfQbR.mjs.map (6.02 kB) (1.51 kB gzip)
  ├─ .output/server/chunks/build/_id_-styles.CKfhul0C.mjs (2.07 kB) (677 B gzip)
  ├─ .output/server/chunks/build/_id_-styles.CKfhul0C.mjs.map (285 B) (193 B gzip)
  ├─ .output/server/chunks/build/_slug_-CfPBfBV-.mjs (8.07 kB) (2.1 kB gzip)
  ├─ .output/server/chunks/build/_slug_-CfPBfBV-.mjs.map (5.53 kB) (1.33 kB gzip)
  ├─ .output/server/chunks/build/_slug_-DR1FbWhj.mjs (4.42 kB) (1.57 kB gzip)
  ├─ .output/server/chunks/build/_slug_-DR1FbWhj.mjs.map (2.94 kB) (898 B gzip)
  ├─ .output/server/chunks/build/_slug_-styles.39PipwUA.mjs (3.55 kB) (1 kB gzip)
  ├─ .output/server/chunks/build/_slug_-styles.39PipwUA.mjs.map (291 B) (195 B gzip)
  ├─ .output/server/chunks/build/_slug_-styles.WRsn1LVm.mjs (1.04 kB) (499 B gzip)
  ├─ .output/server/chunks/build/_slug_-styles.WRsn1LVm.mjs.map (291 B) (196 B gzip)
  ├─ .output/server/chunks/build/about-DF8WPO9N.mjs (6.97 kB) (2.09 kB gzip)
  ├─ .output/server/chunks/build/about-DF8WPO9N.mjs.map (2.86 kB) (838 B gzip)
  ├─ .output/server/chunks/build/about-styles.sdxRj24z.mjs (2.33 kB) (809 B gzip)
  ├─ .output/server/chunks/build/about-styles.sdxRj24z.mjs.map (288 B) (195 B gzip)
  ├─ .output/server/chunks/build/account-CzEZhWRN.mjs (4.85 kB) (1.59 kB gzip)
  ├─ .output/server/chunks/build/account-CzEZhWRN.mjs.map (2.32 kB) (773 B gzip)
  ├─ .output/server/chunks/build/account-styles.DNbAuJYA.mjs (1.03 kB) (441 B gzip)
  ├─ .output/server/chunks/build/account-styles.DNbAuJYA.mjs.map (294 B) (196 B gzip)
  ├─ .output/server/chunks/build/admin-DESCJc-m.mjs (7.04 kB) (1.47 kB gzip)
  ├─ .output/server/chunks/build/admin-DESCJc-m.mjs.map (5.07 kB) (841 B gzip)
  ├─ .output/server/chunks/build/admin-styles.BNWCdJ_M.mjs (1.99 kB) (669 B gzip)
  ├─ .output/server/chunks/build/admin-styles.BNWCdJ_M.mjs.map (288 B) (196 B gzip)
  ├─ .output/server/chunks/build/AnnouncementBand-styles.DZNUh88L.mjs (1.78 kB) (581 B gzip)
  ├─ .output/server/chunks/build/AnnouncementBand-styles.DZNUh88L.mjs.map (321 B) (207 B gzip)
  ├─ .output/server/chunks/build/appearance-DpK5u1ad.mjs (6.07 kB) (2.05 kB gzip)
  ├─ .output/server/chunks/build/appearance-DpK5u1ad.mjs.map (4.47 kB) (975 B gzip)
  ├─ .output/server/chunks/build/appearance-styles.Dxzs8zN6.mjs (949 B) (440 B gzip)
  ├─ .output/server/chunks/build/appearance-styles.Dxzs8zN6.mjs.map (303 B) (201 B gzip)
  ├─ .output/server/chunks/build/AppToast-styles.B4nLxR53.mjs (1.51 kB) (638 B gzip)
  ├─ .output/server/chunks/build/AppToast-styles.B4nLxR53.mjs.map (297 B) (198 B gzip)
  ├─ .output/server/chunks/build/ArticleEditor-styles.CWserdGe.mjs (9.16 kB) (1.79 kB gzip)
  ├─ .output/server/chunks/build/ArticleEditor-styles.CWserdGe.mjs.map (312 B) (200 B gzip)
  ├─ .output/server/chunks/build/ArticleView-styles.DqfdzgnU.mjs (9.91 kB) (2 kB gzip)
  ├─ .output/server/chunks/build/ArticleView-styles.DqfdzgnU.mjs.map (306 B) (203 B gzip)
  ├─ .output/server/chunks/build/audit-ByQJRFI6.mjs (3.42 kB) (1.29 kB gzip)
  ├─ .output/server/chunks/build/audit-ByQJRFI6.mjs.map (2.05 kB) (711 B gzip)
  ├─ .output/server/chunks/build/audit-styles.1KqfpoUr.mjs (1.14 kB) (458 B gzip)
  ├─ .output/server/chunks/build/audit-styles.1KqfpoUr.mjs.map (288 B) (196 B gzip)
  ├─ .output/server/chunks/build/auth-DNuDsYvI.mjs (1.33 kB) (545 B gzip)
  ├─ .output/server/chunks/build/auth-DNuDsYvI.mjs.map (424 B) (253 B gzip)
  ├─ .output/server/chunks/build/auth-Dwh4TWMG.mjs (2.82 kB) (1.05 kB gzip)
  ├─ .output/server/chunks/build/auth-Dwh4TWMG.mjs.map (1.65 kB) (622 B gzip)
  ├─ .output/server/chunks/build/auth-styles.DursqmGu.mjs (1.01 kB) (472 B gzip)
  ├─ .output/server/chunks/build/auth-styles.DursqmGu.mjs.map (285 B) (193 B gzip)
  ├─ .output/server/chunks/build/AuthorCard-styles.Dw448-rT.mjs (1.99 kB) (638 B gzip)
  ├─ .output/server/chunks/build/AuthorCard-styles.Dw448-rT.mjs.map (303 B) (200 B gzip)
  ├─ .output/server/chunks/build/AuthorRow-Da_94p7q.mjs (3.66 kB) (1.1 kB gzip)
  ├─ .output/server/chunks/build/AuthorRow-Da_94p7q.mjs.map (3.39 kB) (927 B gzip)
  ├─ .output/server/chunks/build/AuthorRow-styles.3D8UHWQC.mjs (1.2 kB) (513 B gzip)
  ├─ .output/server/chunks/build/AuthorRow-styles.3D8UHWQC.mjs.map (300 B) (202 B gzip)
  ├─ .output/server/chunks/build/BlockBuildStepView-styles.BRl00d1l.mjs (1.38 kB) (561 B gzip)
  ├─ .output/server/chunks/build/BlockBuildStepView-styles.BRl00d1l.mjs.map (327 B) (209 B gzip)
  ├─ .output/server/chunks/build/BlockCalloutView-styles.fnxAkxYi.mjs (1.98 kB) (579 B gzip)
  ├─ .output/server/chunks/build/BlockCalloutView-styles.fnxAkxYi.mjs.map (321 B) (205 B gzip)
  ├─ .output/server/chunks/build/BlockCanvas-styles-1.mjs-CEGT7BQ5.mjs (1.36 kB) (579 B gzip)
  ├─ .output/server/chunks/build/BlockCanvas-styles-1.mjs-CEGT7BQ5.mjs.map (197 B) (160 B gzip)
  ├─ .output/server/chunks/build/BlockCanvas-styles-2.mjs-Bc0srANl.mjs (813 B) (449 B gzip)
  ├─ .output/server/chunks/build/BlockCanvas-styles-2.mjs-Bc0srANl.mjs.map (197 B) (156 B gzip)
  ├─ .output/server/chunks/build/BlockCanvas-styles.C3hR_Ggr.mjs (303 B) (193 B gzip)
  ├─ .output/server/chunks/build/BlockCanvas-styles.C3hR_Ggr.mjs.map (202 B) (157 B gzip)
  ├─ .output/server/chunks/build/BlockCanvas-styles.nrdUzlxh.mjs (335 B) (207 B gzip)
  ├─ .output/server/chunks/build/BlockCanvas-styles.nrdUzlxh.mjs.map (202 B) (157 B gzip)
  ├─ .output/server/chunks/build/BlockCanvas-styles.o-3hE5xm.mjs (488 B) (236 B gzip)
  ├─ .output/server/chunks/build/BlockCanvas-styles.o-3hE5xm.mjs.map (230 B) (173 B gzip)
  ├─ .output/server/chunks/build/BlockCheckpointView-styles.Bop5Oy-y.mjs (802 B) (405 B gzip)
  ├─ .output/server/chunks/build/BlockCheckpointView-styles.Bop5Oy-y.mjs.map (329 B) (207 B gzip)
  ├─ .output/server/chunks/build/BlockCodeView-styles.DBXXc5U2.mjs (1.08 kB) (508 B gzip)
  ├─ .output/server/chunks/build/BlockCodeView-styles.DBXXc5U2.mjs.map (312 B) (207 B gzip)
  ├─ .output/server/chunks/build/BlockContentRenderer-styles.Daf-6QZ1.mjs (556 B) (306 B gzip)
  ├─ .output/server/chunks/build/BlockContentRenderer-styles.Daf-6QZ1.mjs.map (332 B) (209 B gzip)
  ├─ .output/server/chunks/build/BlockDividerView-styles.BnAVyPnj.mjs (406 B) (247 B gzip)
  ├─ .output/server/chunks/build/BlockDividerView-styles.BnAVyPnj.mjs.map (320 B) (204 B gzip)
  ├─ .output/server/chunks/build/BlockDownloadsView-styles.OANSc-89.mjs (2.14 kB) (687 B gzip)
  ├─ .output/server/chunks/build/BlockDownloadsView-styles.OANSc-89.mjs.map (327 B) (207 B gzip)
  ├─ .output/server/chunks/build/BlockEmbedView-styles.CgahK_JT.mjs (946 B) (489 B gzip)
  ├─ .output/server/chunks/build/BlockEmbedView-styles.CgahK_JT.mjs.map (315 B) (208 B gzip)
  ├─ .output/server/chunks/build/BlockGalleryView-styles.JUgEllEP.mjs (785 B) (411 B gzip)
  ├─ .output/server/chunks/build/BlockGalleryView-styles.JUgEllEP.mjs.map (320 B) (208 B gzip)
  ├─ .output/server/chunks/build/BlockHeadingView-styles.DwSYiaMt.mjs (998 B) (406 B gzip)
  ├─ .output/server/chunks/build/BlockHeadingView-styles.DwSYiaMt.mjs.map (321 B) (209 B gzip)
  ├─ .output/server/chunks/build/BlockImageView-styles.Bg4Jbnj7.mjs (573 B) (329 B gzip)
  ├─ .output/server/chunks/build/BlockImageView-styles.Bg4Jbnj7.mjs.map (314 B) (207 B gzip)
  ├─ .output/server/chunks/build/BlockInsertZone-styles.BrSb832Y.mjs (1.19 kB) (500 B gzip)
  ├─ .output/server/chunks/build/BlockInsertZone-styles.BrSb832Y.mjs.map (318 B) (205 B gzip)
  ├─ .output/server/chunks/build/BlockMarkdownView-styles.C34HamIT.mjs (2.82 kB) (800 B gzip)
  ├─ .output/server/chunks/build/BlockMarkdownView-styles.C34HamIT.mjs.map (324 B) (205 B gzip)
  ├─ .output/server/chunks/build/BlockMathView-styles.Cmp1cTLL.mjs (822 B) (428 B gzip)
  ├─ .output/server/chunks/build/BlockMathView-styles.Cmp1cTLL.mjs.map (312 B) (206 B gzip)
  ├─ .output/server/chunks/build/BlockPartsListView-styles.ZReML_l2.mjs (1.69 kB) (615 B gzip)
  ├─ .output/server/chunks/build/BlockPartsListView-styles.ZReML_l2.mjs.map (327 B) (211 B gzip)
  ├─ .output/server/chunks/build/BlockPicker-styles.DK3g5pMh.mjs (2.3 kB) (749 B gzip)
  ├─ .output/server/chunks/build/BlockPicker-styles.DK3g5pMh.mjs.map (306 B) (200 B gzip)
  ├─ .output/server/chunks/build/BlockQuizView-styles.BZgYcr2A.mjs (3.82 kB) (917 B gzip)
  ├─ .output/server/chunks/build/BlockQuizView-styles.BZgYcr2A.mjs.map (312 B) (204 B gzip)
  ├─ .output/server/chunks/build/BlockQuoteView-styles.C5RSR367.mjs (714 B) (369 B gzip)
  ├─ .output/server/chunks/build/BlockQuoteView-styles.C5RSR367.mjs.map (314 B) (207 B gzip)
  ├─ .output/server/chunks/build/BlockSectionHeaderView-styles.CHNoiPFN.mjs (976 B) (468 B gzip)
  ├─ .output/server/chunks/build/BlockSectionHeaderView-styles.CHNoiPFN.mjs.map (339 B) (213 B gzip)
  ├─ .output/server/chunks/build/BlockSliderView-styles.DgxSJnTV.mjs (3.15 kB) (913 B gzip)
  ├─ .output/server/chunks/build/BlockSliderView-styles.DgxSJnTV.mjs.map (318 B) (203 B gzip)
  ├─ .output/server/chunks/build/BlockTextView-styles.BI547TOi.mjs (1.15 kB) (466 B gzip)
  ├─ .output/server/chunks/build/BlockTextView-styles.BI547TOi.mjs.map (312 B) (209 B gzip)
  ├─ .output/server/chunks/build/BlockToolListView-styles.rxIa6o_V.mjs (1.69 kB) (586 B gzip)
  ├─ .output/server/chunks/build/BlockToolListView-styles.rxIa6o_V.mjs.map (324 B) (209 B gzip)
  ├─ .output/server/chunks/build/BlockVideoView-styles.ID-UgNuy.mjs (967 B) (501 B gzip)
  ├─ .output/server/chunks/build/BlockVideoView-styles.ID-UgNuy.mjs.map (315 B) (202 B gzip)
  ├─ .output/server/chunks/build/BlockWrapper-styles.DsI7JfcH.mjs (2.17 kB) (721 B gzip)
  ├─ .output/server/chunks/build/BlockWrapper-styles.DsI7JfcH.mjs.map (309 B) (201 B gzip)
  ├─ .output/server/chunks/build/BlogEditor-styles.Cyhe0yxc.mjs (10.4 kB) (1.99 kB gzip)
  ├─ .output/server/chunks/build/BlogEditor-styles.Cyhe0yxc.mjs.map (303 B) (201 B gzip)
  ├─ .output/server/chunks/build/BlogView-styles.ZOjhCPIy.mjs (9.14 kB) (1.82 kB gzip)
  ├─ .output/server/chunks/build/BlogView-styles.ZOjhCPIy.mjs.map (297 B) (202 B gzip)
  ├─ .output/server/chunks/build/BuildStepBlock-styles.DvXKSJ4G.mjs (1.92 kB) (606 B gzip)
  ├─ .output/server/chunks/build/BuildStepBlock-styles.DvXKSJ4G.mjs.map (315 B) (203 B gzip)
  ├─ .output/server/chunks/build/CalloutBlock-styles.Bf29jk1X.mjs (1.56 kB) (637 B gzip)
  ├─ .output/server/chunks/build/CalloutBlock-styles.Bf29jk1X.mjs.map (309 B) (204 B gzip)
  ├─ .output/server/chunks/build/CheckpointBlock-styles.Ddq3O_-a.mjs (1.03 kB) (431 B gzip)
  ├─ .output/server/chunks/build/CheckpointBlock-styles.Ddq3O_-a.mjs.map (318 B) (208 B gzip)
  ├─ .output/server/chunks/build/client.precomputed.mjs (96 kB) (7.41 kB gzip)
  ├─ .output/server/chunks/build/client.precomputed.mjs.map (75.6 kB) (2.42 kB gzip)
  ├─ .output/server/chunks/build/CodeBlock-styles.Cidk6DUN.mjs (1.97 kB) (700 B gzip)
  ├─ .output/server/chunks/build/CodeBlock-styles.Cidk6DUN.mjs.map (300 B) (198 B gzip)
  ├─ .output/server/chunks/build/CommentSection-styles.Cg9N4JKg.mjs (2.4 kB) (709 B gzip)
  ├─ .output/server/chunks/build/CommentSection-styles.Cg9N4JKg.mjs.map (315 B) (205 B gzip)
  ├─ .output/server/chunks/build/content-CeBACEeY.mjs (5.04 kB) (1.74 kB gzip)
  ├─ .output/server/chunks/build/content-CeBACEeY.mjs.map (3 kB) (970 B gzip)
  ├─ .output/server/chunks/build/content-styles.BFKCtYeY.mjs (1.87 kB) (638 B gzip)
  ├─ .output/server/chunks/build/content-styles.BFKCtYeY.mjs.map (294 B) (193 B gzip)
  ├─ .output/server/chunks/build/ContentCard-DfQ0mEO_.mjs (10 kB) (2.33 kB gzip)
  ├─ .output/server/chunks/build/ContentCard-DfQ0mEO_.mjs.map (8.98 kB) (1.98 kB gzip)
  ├─ .output/server/chunks/build/ContentCard-styles.CP326Xpp.mjs (3.44 kB) (1.08 kB gzip)
  ├─ .output/server/chunks/build/ContentCard-styles.CP326Xpp.mjs.map (306 B) (202 B gzip)
  ├─ .output/server/chunks/build/ContentPicker-styles.BMcm-zLA.mjs (2.63 kB) (843 B gzip)
  ├─ .output/server/chunks/build/ContentPicker-styles.BMcm-zLA.mjs.map (312 B) (202 B gzip)
  ├─ .output/server/chunks/build/ContentTypeBadge-BtBYmxNJ.mjs (1.44 kB) (681 B gzip)
  ├─ .output/server/chunks/build/ContentTypeBadge-BtBYmxNJ.mjs.map (1.2 kB) (509 B gzip)
  ├─ .output/server/chunks/build/ContentTypeBadge-styles.CF05VRpC.mjs (1.1 kB) (470 B gzip)
  ├─ .output/server/chunks/build/ContentTypeBadge-styles.CF05VRpC.mjs.map (321 B) (207 B gzip)
  ├─ .output/server/chunks/build/CountdownTimer-CDuyhvDw.mjs (1.45 kB) (676 B gzip)
  ├─ .output/server/chunks/build/CountdownTimer-CDuyhvDw.mjs.map (1.3 kB) (525 B gzip)
  ├─ .output/server/chunks/build/CountdownTimer-styles.BUABZXPK.mjs (876 B) (436 B gzip)
  ├─ .output/server/chunks/build/CountdownTimer-styles.BUABZXPK.mjs.map (315 B) (206 B gzip)
  ├─ .output/server/chunks/build/create-2zg8byQh.mjs (7.52 kB) (2.1 kB gzip)
  ├─ .output/server/chunks/build/create-2zg8byQh.mjs.map (3.56 kB) (1.07 kB gzip)
  ├─ .output/server/chunks/build/create-6q_-ptBo.mjs (6.38 kB) (1.84 kB gzip)
  ├─ .output/server/chunks/build/create-6q_-ptBo.mjs.map (3.45 kB) (942 B gzip)
  ├─ .output/server/chunks/build/create-BiRjGJB3.mjs (2.99 kB) (1.16 kB gzip)
  ├─ .output/server/chunks/build/create-BiRjGJB3.mjs.map (1.3 kB) (518 B gzip)
  ├─ .output/server/chunks/build/create-CI7IxP6P.mjs (6.41 kB) (2.08 kB gzip)
  ├─ .output/server/chunks/build/create-CI7IxP6P.mjs.map (3.97 kB) (1.07 kB gzip)
  ├─ .output/server/chunks/build/create-CornwE9T.mjs (3.96 kB) (1.33 kB gzip)
  ├─ .output/server/chunks/build/create-CornwE9T.mjs.map (1.95 kB) (606 B gzip)
  ├─ .output/server/chunks/build/create-styles.B2DxN-L-.mjs (2 kB) (719 B gzip)
  ├─ .output/server/chunks/build/create-styles.B2DxN-L-.mjs.map (291 B) (192 B gzip)
  ├─ .output/server/chunks/build/create-styles.BH1RK5zB.mjs (1.13 kB) (478 B gzip)
  ├─ .output/server/chunks/build/create-styles.BH1RK5zB.mjs.map (291 B) (195 B gzip)
  ├─ .output/server/chunks/build/create-styles.BwXUNhY3.mjs (2.32 kB) (768 B gzip)
  ├─ .output/server/chunks/build/create-styles.BwXUNhY3.mjs.map (291 B) (195 B gzip)
  ├─ .output/server/chunks/build/create-styles.CA3-bqBz.mjs (2.6 kB) (834 B gzip)
  ├─ .output/server/chunks/build/create-styles.CA3-bqBz.mjs.map (291 B) (194 B gzip)
  ├─ .output/server/chunks/build/create-styles.NVqUu76k.mjs (1.19 kB) (489 B gzip)
  ├─ .output/server/chunks/build/create-styles.NVqUu76k.mjs.map (291 B) (196 B gzip)
  ├─ .output/server/chunks/build/dashboard-BN5MZmbD.mjs (16.6 kB) (3.26 kB gzip)
  ├─ .output/server/chunks/build/dashboard-BN5MZmbD.mjs.map (13.4 kB) (2.44 kB gzip)
  ├─ .output/server/chunks/build/dashboard-styles.4tsh4UDK.mjs (4.05 kB) (1.06 kB gzip)
  ├─ .output/server/chunks/build/dashboard-styles.4tsh4UDK.mjs.map (300 B) (196 B gzip)
  ├─ .output/server/chunks/build/default-4M4G16du.mjs (30.7 kB) (4.18 kB gzip)
  ├─ .output/server/chunks/build/default-4M4G16du.mjs.map (24.5 kB) (2.85 kB gzip)
  ├─ .output/server/chunks/build/default-styles.zEXPqf_a.mjs (7.44 kB) (1.63 kB gzip)
  ├─ .output/server/chunks/build/default-styles.zEXPqf_a.mjs.map (294 B) (197 B gzip)
  ├─ .output/server/chunks/build/DiscussionItem-styles.BvXxjefF.mjs (2.65 kB) (797 B gzip)
  ├─ .output/server/chunks/build/DiscussionItem-styles.BvXxjefF.mjs.map (315 B) (198 B gzip)
  ├─ .output/server/chunks/build/DividerBlock-styles.ClgYs2jc.mjs (423 B) (250 B gzip)
  ├─ .output/server/chunks/build/DividerBlock-styles.ClgYs2jc.mjs.map (308 B) (200 B gzip)
  ├─ .output/server/chunks/build/DownloadsBlock-styles.BmC85dUo.mjs (1.88 kB) (575 B gzip)
  ├─ .output/server/chunks/build/DownloadsBlock-styles.BmC85dUo.mjs.map (315 B) (200 B gzip)
  ├─ .output/server/chunks/build/edit-Bg147NTq.mjs (17.7 kB) (4.33 kB gzip)
  ├─ .output/server/chunks/build/edit-Bg147NTq.mjs.map (12.3 kB) (2.86 kB gzip)
  ├─ .output/server/chunks/build/edit-BHaGEKSL.mjs (196 kB) (30.1 kB gzip)
  ├─ .output/server/chunks/build/edit-BHaGEKSL.mjs.map (155 kB) (20.8 kB gzip)
  ├─ .output/server/chunks/build/edit-ByGdIoJG.mjs (13.5 kB) (3.57 kB gzip)
  ├─ .output/server/chunks/build/edit-ByGdIoJG.mjs.map (8.69 kB) (2.14 kB gzip)
  ├─ .output/server/chunks/build/edit-D9baDL87.mjs (15.7 kB) (3.39 kB gzip)
  ├─ .output/server/chunks/build/edit-D9baDL87.mjs.map (9.53 kB) (2.08 kB gzip)
  ├─ .output/server/chunks/build/edit-DnkkTETp.mjs (7.16 kB) (2.13 kB gzip)
  ├─ .output/server/chunks/build/edit-DnkkTETp.mjs.map (4.43 kB) (1.19 kB gzip)
  ├─ .output/server/chunks/build/edit-styles-1.mjs-Cr0BLNaG.mjs (4.8 kB) (1.22 kB gzip)
  ├─ .output/server/chunks/build/edit-styles-1.mjs-Cr0BLNaG.mjs.map (183 B) (152 B gzip)
  ├─ .output/server/chunks/build/edit-styles-2.mjs-Bt1-v9TR.mjs (803 B) (440 B gzip)
  ├─ .output/server/chunks/build/edit-styles-2.mjs-Bt1-v9TR.mjs.map (183 B) (152 B gzip)
  ├─ .output/server/chunks/build/edit-styles.BAfZY-Ec.mjs (6.42 kB) (1.35 kB gzip)
  ├─ .output/server/chunks/build/edit-styles.BAfZY-Ec.mjs.map (285 B) (193 B gzip)
  ├─ .output/server/chunks/build/edit-styles.BWntejN1.mjs (5.45 kB) (1.28 kB gzip)
  ├─ .output/server/chunks/build/edit-styles.BWntejN1.mjs.map (285 B) (192 B gzip)
  ├─ .output/server/chunks/build/edit-styles.CC8ZVKCp.mjs (427 B) (223 B gzip)
  ├─ .output/server/chunks/build/edit-styles.CC8ZVKCp.mjs.map (216 B) (168 B gzip)
  ├─ .output/server/chunks/build/edit-styles.DdpHn1R3.mjs (4.46 kB) (1.13 kB gzip)
  ├─ .output/server/chunks/build/edit-styles.DdpHn1R3.mjs.map (285 B) (194 B gzip)
  ├─ .output/server/chunks/build/edit-styles.Dtl2TeQp.mjs (261 B) (184 B gzip)
  ├─ .output/server/chunks/build/edit-styles.Dtl2TeQp.mjs.map (188 B) (152 B gzip)
  ├─ .output/server/chunks/build/edit-styles.DwaN0Y0h.mjs (2.53 kB) (822 B gzip)
  ├─ .output/server/chunks/build/edit-styles.DwaN0Y0h.mjs.map (285 B) (194 B gzip)
  ├─ .output/server/chunks/build/edit-styles.rmMfaU5I.mjs (293 B) (199 B gzip)
  ├─ .output/server/chunks/build/edit-styles.rmMfaU5I.mjs.map (188 B) (154 B gzip)
  ├─ .output/server/chunks/build/editor-Be26coxu.mjs (3.49 kB) (1.16 kB gzip)
  ├─ .output/server/chunks/build/editor-Be26coxu.mjs.map (2.02 kB) (681 B gzip)
  ├─ .output/server/chunks/build/editor-styles.BCOoFobc.mjs (1.84 kB) (667 B gzip)
  ├─ .output/server/chunks/build/editor-styles.BCOoFobc.mjs.map (291 B) (194 B gzip)
  ├─ .output/server/chunks/build/EditorBlocks-styles.DHtO52dF.mjs (2.54 kB) (806 B gzip)
  ├─ .output/server/chunks/build/EditorBlocks-styles.DHtO52dF.mjs.map (309 B) (205 B gzip)
  ├─ .output/server/chunks/build/EditorSection-styles.DH1bZK50.mjs (1.11 kB) (506 B gzip)
  ├─ .output/server/chunks/build/EditorSection-styles.DH1bZK50.mjs.map (312 B) (207 B gzip)
  ├─ .output/server/chunks/build/EditorTagInput-styles.BCqkx4uJ.mjs (1.32 kB) (508 B gzip)
  ├─ .output/server/chunks/build/EditorTagInput-styles.BCqkx4uJ.mjs.map (315 B) (206 B gzip)
  ├─ .output/server/chunks/build/EditorVisibility-styles.Db-7Vost.mjs (1.33 kB) (526 B gzip)
  ├─ .output/server/chunks/build/EditorVisibility-styles.Db-7Vost.mjs.map (321 B) (208 B gzip)
  ├─ .output/server/chunks/build/EmbedBlock-styles.CIG7riq6.mjs (973 B) (420 B gzip)
  ├─ .output/server/chunks/build/EmbedBlock-styles.CIG7riq6.mjs.map (303 B) (199 B gzip)
  ├─ .output/server/chunks/build/EngagementBar-styles.DcNlUoqn.mjs (1.02 kB) (461 B gzip)
  ├─ .output/server/chunks/build/EngagementBar-styles.DcNlUoqn.mjs.map (312 B) (204 B gzip)
  ├─ .output/server/chunks/build/entry-styles-8.mjs-DmE6zSav.mjs (1.86 kB) (752 B gzip)
  ├─ .output/server/chunks/build/entry-styles-8.mjs-DmE6zSav.mjs.map (185 B) (153 B gzip)
  ├─ .output/server/chunks/build/entry-styles.BtFAEOA6.mjs (34.8 kB) (6.4 kB gzip)
  ├─ .output/server/chunks/build/entry-styles.BtFAEOA6.mjs.map (1.06 kB) (363 B gzip)
  ├─ .output/server/chunks/build/error-styles.BJky9HFU.mjs (299 B) (203 B gzip)
  ├─ .output/server/chunks/build/error-styles.BJky9HFU.mjs.map (190 B) (155 B gzip)
  ├─ .output/server/chunks/build/ExplainerEditor-styles.fNw4MK9o.mjs (8.34 kB) (1.71 kB gzip)
  ├─ .output/server/chunks/build/ExplainerEditor-styles.fNw4MK9o.mjs.map (318 B) (208 B gzip)
  ├─ .output/server/chunks/build/ExplainerView-CXGpQrVE.mjs (477 kB) (97 kB gzip)
  ├─ .output/server/chunks/build/ExplainerView-CXGpQrVE.mjs.map (498 kB) (65 kB gzip)
  ├─ .output/server/chunks/build/ExplainerView-styles.CJYM6ime.mjs (9.29 kB) (1.98 kB gzip)
  ├─ .output/server/chunks/build/ExplainerView-styles.CJYM6ime.mjs.map (312 B) (204 B gzip)
  ├─ .output/server/chunks/build/explore-qcD1qmKg.mjs (18.1 kB) (3.57 kB gzip)
  ├─ .output/server/chunks/build/explore-qcD1qmKg.mjs.map (14.2 kB) (2.59 kB gzip)
  ├─ .output/server/chunks/build/explore-styles.CW0i8yrk.mjs (4.8 kB) (1.14 kB gzip)
  ├─ .output/server/chunks/build/explore-styles.CW0i8yrk.mjs.map (294 B) (199 B gzip)
  ├─ .output/server/chunks/build/federation-BIa8Cv7r.mjs (5.97 kB) (1.72 kB gzip)
  ├─ .output/server/chunks/build/federation-BIa8Cv7r.mjs.map (3.52 kB) (889 B gzip)
  ├─ .output/server/chunks/build/federation-styles.DRnmlE8x.mjs (3.28 kB) (857 B gzip)
  ├─ .output/server/chunks/build/federation-styles.DRnmlE8x.mjs.map (303 B) (197 B gzip)
  ├─ .output/server/chunks/build/feed-DtuMqip6.mjs (6.06 kB) (2.05 kB gzip)
  ├─ .output/server/chunks/build/feed-DtuMqip6.mjs.map (4.35 kB) (1.27 kB gzip)
  ├─ .output/server/chunks/build/feed-styles.BDhTUpGv.mjs (1.64 kB) (636 B gzip)
  ├─ .output/server/chunks/build/feed-styles.BDhTUpGv.mjs.map (285 B) (193 B gzip)
  ├─ .output/server/chunks/build/FeedItem-styles.C_I5HPq_.mjs (3.58 kB) (959 B gzip)
  ├─ .output/server/chunks/build/FeedItem-styles.C_I5HPq_.mjs.map (297 B) (198 B gzip)
  ├─ .output/server/chunks/build/fetch--HHejkkt.mjs (42.5 kB) (12.6 kB gzip)
  ├─ .output/server/chunks/build/fetch--HHejkkt.mjs.map (39.6 kB) (7.66 kB gzip)
  ├─ .output/server/chunks/build/followers-CqIoYsOB.mjs (5.45 kB) (1.74 kB gzip)
  ├─ .output/server/chunks/build/followers-CqIoYsOB.mjs.map (4.04 kB) (1.18 kB gzip)
  ├─ .output/server/chunks/build/followers-styles.DcN-bWHx.mjs (1.68 kB) (616 B gzip)
  ├─ .output/server/chunks/build/followers-styles.DcN-bWHx.mjs.map (300 B) (198 B gzip)
  ├─ .output/server/chunks/build/following-CMqIaifw.mjs (5.63 kB) (1.81 kB gzip)
  ├─ .output/server/chunks/build/following-CMqIaifw.mjs.map (4.27 kB) (1.24 kB gzip)
  ├─ .output/server/chunks/build/following-styles.C3IGJINp.mjs (1.68 kB) (612 B gzip)
  ├─ .output/server/chunks/build/following-styles.C3IGJINp.mjs.map (300 B) (197 B gzip)
  ├─ .output/server/chunks/build/forgot-password-BeMw_R7O.mjs (4.84 kB) (1.68 kB gzip)
  ├─ .output/server/chunks/build/forgot-password-BeMw_R7O.mjs.map (2.82 kB) (880 B gzip)
  ├─ .output/server/chunks/build/forgot-password-styles.CY3IMbRL.mjs (2.55 kB) (827 B gzip)
  ├─ .output/server/chunks/build/forgot-password-styles.CY3IMbRL.mjs.map (318 B) (206 B gzip)
  ├─ .output/server/chunks/build/GalleryBlock-styles.D_scBdo9.mjs (2.24 kB) (771 B gzip)
  ├─ .output/server/chunks/build/GalleryBlock-styles.D_scBdo9.mjs.map (309 B) (197 B gzip)
  ├─ .output/server/chunks/build/HeadingBlock-styles.BsF_oCoJ.mjs (1.2 kB) (510 B gzip)
  ├─ .output/server/chunks/build/HeadingBlock-styles.BsF_oCoJ.mjs.map (309 B) (205 B gzip)
  ├─ .output/server/chunks/build/HeatmapGrid-styles.DHhjC6xz.mjs (1.24 kB) (481 B gzip)
  ├─ .output/server/chunks/build/HeatmapGrid-styles.DHhjC6xz.mjs.map (306 B) (200 B gzip)
  ├─ .output/server/chunks/build/ImageBlock-styles.DKo2E3JV.mjs (3.07 kB) (863 B gzip)
  ├─ .output/server/chunks/build/ImageBlock-styles.DKo2E3JV.mjs.map (303 B) (201 B gzip)
  ├─ .output/server/chunks/build/index-_ZUU9kiY.mjs (29.8 kB) (5.78 kB gzip)
  ├─ .output/server/chunks/build/index-_ZUU9kiY.mjs.map (23 kB) (4.21 kB gzip)
  ├─ .output/server/chunks/build/index-4CrzCxNt.mjs (16.7 kB) (3.8 kB gzip)
  ├─ .output/server/chunks/build/index-4CrzCxNt.mjs.map (12.4 kB) (2.63 kB gzip)
  ├─ .output/server/chunks/build/index-9XTw-Vg3.mjs (15.8 kB) (3.63 kB gzip)
  ├─ .output/server/chunks/build/index-9XTw-Vg3.mjs.map (13.2 kB) (2.7 kB gzip)
  ├─ .output/server/chunks/build/index-B1HCvWyl.mjs (16.7 kB) (3.67 kB gzip)
  ├─ .output/server/chunks/build/index-B1HCvWyl.mjs.map (11.6 kB) (2.5 kB gzip)
  ├─ .output/server/chunks/build/index-BE5xMm2-.mjs (8.23 kB) (2.17 kB gzip)
  ├─ .output/server/chunks/build/index-BE5xMm2-.mjs.map (5.72 kB) (1.43 kB gzip)
  ├─ .output/server/chunks/build/index-BXDErwGC.mjs (38.9 kB) (7.06 kB gzip)
  ├─ .output/server/chunks/build/index-BXDErwGC.mjs.map (30.1 kB) (5.03 kB gzip)
  ├─ .output/server/chunks/build/index-CCkcfe8v.mjs (7.8 kB) (2.29 kB gzip)
  ├─ .output/server/chunks/build/index-CCkcfe8v.mjs.map (5.48 kB) (1.47 kB gzip)
  ├─ .output/server/chunks/build/index-CJatXvJD.mjs (18.2 kB) (3.92 kB gzip)
  ├─ .output/server/chunks/build/index-CJatXvJD.mjs.map (14.3 kB) (3.05 kB gzip)
  ├─ .output/server/chunks/build/index-Cp8hbKVZ.mjs (5.09 kB) (1.25 kB gzip)
  ├─ .output/server/chunks/build/index-Cp8hbKVZ.mjs.map (3.38 kB) (717 B gzip)
  ├─ .output/server/chunks/build/index-CV31KY3d.mjs (22.6 kB) (4.66 kB gzip)
  ├─ .output/server/chunks/build/index-CV31KY3d.mjs.map (18.8 kB) (3.53 kB gzip)
  ├─ .output/server/chunks/build/index-CZsSLSpW.mjs (6.83 kB) (2.11 kB gzip)
  ├─ .output/server/chunks/build/index-CZsSLSpW.mjs.map (4.21 kB) (1.14 kB gzip)
  ├─ .output/server/chunks/build/index-D3iKnoYi.mjs (6.64 kB) (1.71 kB gzip)
  ├─ .output/server/chunks/build/index-D3iKnoYi.mjs.map (4.68 kB) (1.03 kB gzip)
  ├─ .output/server/chunks/build/index-D5sHjI8I.mjs (4.49 kB) (1.67 kB gzip)
  ├─ .output/server/chunks/build/index-D5sHjI8I.mjs.map (3.23 kB) (1.02 kB gzip)
  ├─ .output/server/chunks/build/index-DbDAfFtp.mjs (26.3 kB) (4.86 kB gzip)
  ├─ .output/server/chunks/build/index-DbDAfFtp.mjs.map (20.4 kB) (3.29 kB gzip)
  ├─ .output/server/chunks/build/index-DbfGYaXC.mjs (19.9 kB) (4.36 kB gzip)
  ├─ .output/server/chunks/build/index-DbfGYaXC.mjs.map (14.1 kB) (2.67 kB gzip)
  ├─ .output/server/chunks/build/index-DfJeCaaw.mjs (79.9 kB) (12.7 kB gzip)
  ├─ .output/server/chunks/build/index-DfJeCaaw.mjs.map (65.5 kB) (9.72 kB gzip)
  ├─ .output/server/chunks/build/index-DYHEwM7T.mjs (8.6 kB) (2.44 kB gzip)
  ├─ .output/server/chunks/build/index-DYHEwM7T.mjs.map (6.63 kB) (1.65 kB gzip)
  ├─ .output/server/chunks/build/index-eb_aBAm8.mjs (11.9 kB) (2.46 kB gzip)
  ├─ .output/server/chunks/build/index-eb_aBAm8.mjs.map (8.74 kB) (1.69 kB gzip)
  ├─ .output/server/chunks/build/index-styles.B3ZEzhKj.mjs (7.98 kB) (1.65 kB gzip)
  ├─ .output/server/chunks/build/index-styles.B3ZEzhKj.mjs.map (288 B) (196 B gzip)
  ├─ .output/server/chunks/build/index-styles.BImPYOeL.mjs (6.08 kB) (1.46 kB gzip)
  ├─ .output/server/chunks/build/index-styles.BImPYOeL.mjs.map (288 B) (197 B gzip)
  ├─ .output/server/chunks/build/index-styles.BRvfijAC.mjs (12.7 kB) (2.28 kB gzip)
  ├─ .output/server/chunks/build/index-styles.BRvfijAC.mjs.map (288 B) (195 B gzip)
  ├─ .output/server/chunks/build/index-styles.BsAUV1ag.mjs (10.2 kB) (2.07 kB gzip)
  ├─ .output/server/chunks/build/index-styles.BsAUV1ag.mjs.map (288 B) (195 B gzip)
  ├─ .output/server/chunks/build/index-styles.BzkWeHOK.mjs (1.4 kB) (590 B gzip)
  ├─ .output/server/chunks/build/index-styles.BzkWeHOK.mjs.map (288 B) (196 B gzip)
  ├─ .output/server/chunks/build/index-styles.C1HOUmJG.mjs (11 kB) (2.2 kB gzip)
  ├─ .output/server/chunks/build/index-styles.C1HOUmJG.mjs.map (288 B) (197 B gzip)
  ├─ .output/server/chunks/build/index-styles.CFahkVgo.mjs (2.05 kB) (603 B gzip)
  ├─ .output/server/chunks/build/index-styles.CFahkVgo.mjs.map (288 B) (195 B gzip)
  ├─ .output/server/chunks/build/index-styles.CqEoPyWi.mjs (2.2 kB) (812 B gzip)
  ├─ .output/server/chunks/build/index-styles.CqEoPyWi.mjs.map (288 B) (196 B gzip)
  ├─ .output/server/chunks/build/index-styles.CUwoalys.mjs (13.6 kB) (2.41 kB gzip)
  ├─ .output/server/chunks/build/index-styles.CUwoalys.mjs.map (288 B) (196 B gzip)
  ├─ .output/server/chunks/build/index-styles.Cx71KV_d.mjs (3.24 kB) (925 B gzip)
  ├─ .output/server/chunks/build/index-styles.Cx71KV_d.mjs.map (288 B) (195 B gzip)
  ├─ .output/server/chunks/build/index-styles.CzPfPAJo.mjs (1.54 kB) (603 B gzip)
  ├─ .output/server/chunks/build/index-styles.CzPfPAJo.mjs.map (288 B) (194 B gzip)
  ├─ .output/server/chunks/build/index-styles.D00LZQ1H.mjs (15.3 kB) (2.42 kB gzip)
  ├─ .output/server/chunks/build/index-styles.D00LZQ1H.mjs.map (288 B) (195 B gzip)
  ├─ .output/server/chunks/build/index-styles.DBjaMbAl.mjs (3.2 kB) (940 B gzip)
  ├─ .output/server/chunks/build/index-styles.DBjaMbAl.mjs.map (288 B) (194 B gzip)
  ├─ .output/server/chunks/build/index-styles.DhYVvWKx.mjs (3.18 kB) (938 B gzip)
  ├─ .output/server/chunks/build/index-styles.DhYVvWKx.mjs.map (288 B) (195 B gzip)
  ├─ .output/server/chunks/build/index-styles.DrrSrV2R.mjs (926 B) (448 B gzip)
  ├─ .output/server/chunks/build/index-styles.DrrSrV2R.mjs.map (288 B) (198 B gzip)
  ├─ .output/server/chunks/build/index-styles.DtUdj6-7.mjs (2.39 kB) (764 B gzip)
  ├─ .output/server/chunks/build/index-styles.DtUdj6-7.mjs.map (288 B) (196 B gzip)
  ├─ .output/server/chunks/build/index-styles.vEsJdwwY.mjs (9.48 kB) (1.93 kB gzip)
  ├─ .output/server/chunks/build/index-styles.vEsJdwwY.mjs.map (288 B) (196 B gzip)
  ├─ .output/server/chunks/build/index-styles.Z9WZGJKg.mjs (17 kB) (2.9 kB gzip)
  ├─ .output/server/chunks/build/index-styles.Z9WZGJKg.mjs.map (289 B) (196 B gzip)
  ├─ .output/server/chunks/build/index-uvemqh5N.mjs (4.77 kB) (1.72 kB gzip)
  ├─ .output/server/chunks/build/index-uvemqh5N.mjs.map (3.24 kB) (1.02 kB gzip)
  ├─ .output/server/chunks/build/judge-B3DFTu3x.mjs (7.15 kB) (2.19 kB gzip)
  ├─ .output/server/chunks/build/judge-B3DFTu3x.mjs.map (4.98 kB) (1.41 kB gzip)
  ├─ .output/server/chunks/build/judge-styles.D4NMlF9R.mjs (3.26 kB) (933 B gzip)
  ├─ .output/server/chunks/build/judge-styles.D4NMlF9R.mjs.map (288 B) (195 B gzip)
  ├─ .output/server/chunks/build/login-DL2cST1x.mjs (4.48 kB) (1.54 kB gzip)
  ├─ .output/server/chunks/build/login-DL2cST1x.mjs.map (2.73 kB) (849 B gzip)
  ├─ .output/server/chunks/build/login-styles.BLT7cg5t.mjs (2.37 kB) (780 B gzip)
  ├─ .output/server/chunks/build/login-styles.BLT7cg5t.mjs.map (288 B) (195 B gzip)
  ├─ .output/server/chunks/build/MarkdownBlock-styles.BRNW45SV.mjs (3.28 kB) (923 B gzip)
  ├─ .output/server/chunks/build/MarkdownBlock-styles.BRNW45SV.mjs.map (312 B) (205 B gzip)
  ├─ .output/server/chunks/build/MarkdownImportDialog-styles.DY45p75-.mjs (4.5 kB) (1.17 kB gzip)
  ├─ .output/server/chunks/build/MarkdownImportDialog-styles.DY45p75-.mjs.map (333 B) (210 B gzip)
  ├─ .output/server/chunks/build/MathBlock-styles.sFi7noXO.mjs (1.04 kB) (459 B gzip)
  ├─ .output/server/chunks/build/MathBlock-styles.sFi7noXO.mjs.map (300 B) (198 B gzip)
  ├─ .output/server/chunks/build/MemberCard-styles.BEAvrXvU.mjs (2.52 kB) (791 B gzip)
  ├─ .output/server/chunks/build/MemberCard-styles.BEAvrXvU.mjs.map (303 B) (202 B gzip)
  ├─ .output/server/chunks/build/members-D7z0VQMI.mjs (7.49 kB) (2.2 kB gzip)
  ├─ .output/server/chunks/build/members-D7z0VQMI.mjs.map (6.22 kB) (1.51 kB gzip)
  ├─ .output/server/chunks/build/members-styles.YeJbWUQb.mjs (2.7 kB) (810 B gzip)
  ├─ .output/server/chunks/build/members-styles.YeJbWUQb.mjs.map (294 B) (199 B gzip)
  ├─ .output/server/chunks/build/MessageThread-styles._NTi3FjL.mjs (1.25 kB) (509 B gzip)
  ├─ .output/server/chunks/build/MessageThread-styles._NTi3FjL.mjs.map (312 B) (204 B gzip)
  ├─ .output/server/chunks/build/NotificationItem-styles.BsmfEiA0.mjs (1.28 kB) (514 B gzip)
  ├─ .output/server/chunks/build/NotificationItem-styles.BsmfEiA0.mjs.map (321 B) (205 B gzip)
  ├─ .output/server/chunks/build/notifications-BUJJh5Q3.mjs (6.91 kB) (2.14 kB gzip)
  ├─ .output/server/chunks/build/notifications-BUJJh5Q3.mjs.map (4.89 kB) (1.35 kB gzip)
  ├─ .output/server/chunks/build/notifications-styles.CaptLX2_.mjs (646 B) (348 B gzip)
  ├─ .output/server/chunks/build/notifications-styles.CaptLX2_.mjs.map (311 B) (200 B gzip)
  ├─ .output/server/chunks/build/notifications-yeuqMwti.mjs (3.61 kB) (1.4 kB gzip)
  ├─ .output/server/chunks/build/notifications-yeuqMwti.mjs.map (2.39 kB) (776 B gzip)
  ├─ .output/server/chunks/build/PartsListBlock-styles.BsFdHQgT.mjs (4.04 kB) (1.02 kB gzip)
  ├─ .output/server/chunks/build/PartsListBlock-styles.BsFdHQgT.mjs.map (315 B) (204 B gzip)
  ├─ .output/server/chunks/build/pipeline-CdV-eG2z.mjs (4.07 kB) (1.3 kB gzip)
  ├─ .output/server/chunks/build/pipeline-CdV-eG2z.mjs.map (3.25 kB) (688 B gzip)
  ├─ .output/server/chunks/build/profile-QiMkMI-r.mjs (13.1 kB) (2.91 kB gzip)
  ├─ .output/server/chunks/build/profile-QiMkMI-r.mjs.map (6.63 kB) (1.53 kB gzip)
  ├─ .output/server/chunks/build/profile-styles.DSQ9S8Dv.mjs (6.08 kB) (1.34 kB gzip)
  ├─ .output/server/chunks/build/profile-styles.DSQ9S8Dv.mjs.map (294 B) (195 B gzip)
  ├─ .output/server/chunks/build/ProjectEditor-styles.BsvRmxIx.mjs (8.03 kB) (1.6 kB gzip)
  ├─ .output/server/chunks/build/ProjectEditor-styles.BsvRmxIx.mjs.map (312 B) (204 B gzip)
  ├─ .output/server/chunks/build/ProjectView-styles.D_R7AqN6.mjs (17.1 kB) (2.9 kB gzip)
  ├─ .output/server/chunks/build/ProjectView-styles.D_R7AqN6.mjs.map (307 B) (206 B gzip)
  ├─ .output/server/chunks/build/QuizBlock-styles.B8x7R_8l.mjs (1.99 kB) (617 B gzip)
  ├─ .output/server/chunks/build/QuizBlock-styles.B8x7R_8l.mjs.map (300 B) (197 B gzip)
  ├─ .output/server/chunks/build/QuoteBlock-styles.CTB4F5el.mjs (1.15 kB) (497 B gzip)
  ├─ .output/server/chunks/build/QuoteBlock-styles.CTB4F5el.mjs.map (303 B) (203 B gzip)
  ├─ .output/server/chunks/build/register-fmMPMuBK.mjs (5.38 kB) (1.74 kB gzip)
  ├─ .output/server/chunks/build/register-fmMPMuBK.mjs.map (2.94 kB) (889 B gzip)
  ├─ .output/server/chunks/build/register-styles.BGTYheNY.mjs (2.53 kB) (822 B gzip)
  ├─ .output/server/chunks/build/register-styles.BGTYheNY.mjs.map (297 B) (196 B gzip)
  ├─ .output/server/chunks/build/reports-BL_njJH7.mjs (4.57 kB) (1.56 kB gzip)
  ├─ .output/server/chunks/build/reports-BL_njJH7.mjs.map (2.75 kB) (871 B gzip)
  ├─ .output/server/chunks/build/reports-styles.dUVJMOVp.mjs (2.07 kB) (663 B gzip)
  ├─ .output/server/chunks/build/reports-styles.dUVJMOVp.mjs.map (294 B) (196 B gzip)
  ├─ .output/server/chunks/build/reset-password-DLqac_OB.mjs (4.71 kB) (1.67 kB gzip)
  ├─ .output/server/chunks/build/reset-password-DLqac_OB.mjs.map (2.6 kB) (872 B gzip)
  ├─ .output/server/chunks/build/reset-password-styles.4kL3NACS.mjs (2.29 kB) (795 B gzip)
  ├─ .output/server/chunks/build/reset-password-styles.4kL3NACS.mjs.map (315 B) (204 B gzip)
  ├─ .output/server/chunks/build/search-D17BSbpK.mjs (25.7 kB) (5.89 kB gzip)
  ├─ .output/server/chunks/build/search-D17BSbpK.mjs.map (20.5 kB) (4.06 kB gzip)
  ├─ .output/server/chunks/build/search-styles.Bx95jZKO.mjs (6.24 kB) (1.68 kB gzip)
  ├─ .output/server/chunks/build/search-styles.Bx95jZKO.mjs.map (301 B) (200 B gzip)
  ├─ .output/server/chunks/build/SearchFilters-styles.CbjL2XvM.mjs (2.57 kB) (870 B gzip)
  ├─ .output/server/chunks/build/SearchFilters-styles.CbjL2XvM.mjs.map (312 B) (206 B gzip)
  ├─ .output/server/chunks/build/SearchSidebar-styles.DkFE43w0.mjs (3.84 kB) (1.02 kB gzip)
  ├─ .output/server/chunks/build/SearchSidebar-styles.DkFE43w0.mjs.map (312 B) (206 B gzip)
  ├─ .output/server/chunks/build/SectionHeaderBlock-styles.CXkriz0X.mjs (1.89 kB) (559 B gzip)
  ├─ .output/server/chunks/build/SectionHeaderBlock-styles.CXkriz0X.mjs.map (327 B) (208 B gzip)
  ├─ .output/server/chunks/build/server.mjs (65.1 kB) (16.2 kB gzip)
  ├─ .output/server/chunks/build/server.mjs.map (66.6 kB) (10.2 kB gzip)
  ├─ .output/server/chunks/build/settings-3ajldjhi.mjs (6.33 kB) (1.79 kB gzip)
  ├─ .output/server/chunks/build/settings-3ajldjhi.mjs.map (4.05 kB) (1.07 kB gzip)
  ├─ .output/server/chunks/build/settings-BUuYinJr.mjs (8.22 kB) (2.34 kB gzip)
  ├─ .output/server/chunks/build/settings-BUuYinJr.mjs.map (5.34 kB) (1.29 kB gzip)
  ├─ .output/server/chunks/build/settings-styles.BJKRrduj.mjs (1.97 kB) (604 B gzip)
  ├─ .output/server/chunks/build/settings-styles.BJKRrduj.mjs.map (297 B) (195 B gzip)
  ├─ .output/server/chunks/build/settings-styles.CNH4-UOZ.mjs (1.78 kB) (659 B gzip)
  ├─ .output/server/chunks/build/settings-styles.CNH4-UOZ.mjs.map (297 B) (198 B gzip)
  ├─ .output/server/chunks/build/SliderBlock-styles.ps8A4Zwh.mjs (5.37 kB) (1.19 kB gzip)
  ├─ .output/server/chunks/build/SliderBlock-styles.ps8A4Zwh.mjs.map (306 B) (200 B gzip)
  ├─ .output/server/chunks/build/SortSelect-styles.BYs0lgyc.mjs (335 B) (213 B gzip)
  ├─ .output/server/chunks/build/SortSelect-styles.BYs0lgyc.mjs.map (302 B) (198 B gzip)
  ├─ .output/server/chunks/build/styles.mjs (38.5 kB) (5.06 kB gzip)
  ├─ .output/server/chunks/build/styles.mjs.map (20.6 kB) (1.62 kB gzip)
  ├─ .output/server/chunks/build/submit-BBmyC8V1.mjs (6.14 kB) (2.11 kB gzip)
  ├─ .output/server/chunks/build/submit-BBmyC8V1.mjs.map (3.69 kB) (1.1 kB gzip)
  ├─ .output/server/chunks/build/submit-styles.x2FYdudh.mjs (1.84 kB) (677 B gzip)
  ├─ .output/server/chunks/build/submit-styles.x2FYdudh.mjs.map (291 B) (195 B gzip)
  ├─ .output/server/chunks/build/TextBlock-styles.BihOsX6a.mjs (1.21 kB) (486 B gzip)
  ├─ .output/server/chunks/build/TextBlock-styles.BihOsX6a.mjs.map (300 B) (197 B gzip)
  ├─ .output/server/chunks/build/TOCNav-styles.Beuwnbki.mjs (980 B) (462 B gzip)
  ├─ .output/server/chunks/build/TOCNav-styles.Beuwnbki.mjs.map (291 B) (194 B gzip)
  ├─ .output/server/chunks/build/ToolListBlock-styles.DMD3Ro-J.mjs (2.17 kB) (616 B gzip)
  ├─ .output/server/chunks/build/ToolListBlock-styles.DMD3Ro-J.mjs.map (312 B) (200 B gzip)
  ├─ .output/server/chunks/build/useAuth-CQ2NDi3j.mjs (1.75 kB) (608 B gzip)
  ├─ .output/server/chunks/build/useAuth-CQ2NDi3j.mjs.map (2.02 kB) (557 B gzip)
  ├─ .output/server/chunks/build/useContentTypes-2wLrmCFE.mjs (1.25 kB) (554 B gzip)
  ├─ .output/server/chunks/build/useContentTypes-2wLrmCFE.mjs.map (1.38 kB) (495 B gzip)
  ├─ .output/server/chunks/build/useFeatures-BRiEd4nr.mjs (741 B) (315 B gzip)
  ├─ .output/server/chunks/build/useFeatures-BRiEd4nr.mjs.map (862 B) (305 B gzip)
  ├─ .output/server/chunks/build/users-DqUCsxE1.mjs (5.16 kB) (1.81 kB gzip)
  ├─ .output/server/chunks/build/users-DqUCsxE1.mjs.map (3.21 kB) (1.03 kB gzip)
  ├─ .output/server/chunks/build/users-styles.1vVniVFO.mjs (2.43 kB) (747 B gzip)
  ├─ .output/server/chunks/build/users-styles.1vVniVFO.mjs.map (288 B) (194 B gzip)
  ├─ .output/server/chunks/build/useToast-QdaN6xQk.mjs (738 B) (384 B gzip)
  ├─ .output/server/chunks/build/useToast-QdaN6xQk.mjs.map (929 B) (393 B gzip)
  ├─ .output/server/chunks/build/verify-email-o9huVFD1.mjs (5.65 kB) (1.49 kB gzip)
  ├─ .output/server/chunks/build/verify-email-o9huVFD1.mjs.map (3.61 kB) (884 B gzip)
  ├─ .output/server/chunks/build/verify-email-styles.BGNwpDFA.mjs (858 B) (424 B gzip)
  ├─ .output/server/chunks/build/verify-email-styles.BGNwpDFA.mjs.map (309 B) (199 B gzip)
  ├─ .output/server/chunks/build/VideoBlock-styles.CotNE1s-.mjs (1.23 kB) (467 B gzip)
  ├─ .output/server/chunks/build/VideoBlock-styles.CotNE1s-.mjs.map (303 B) (198 B gzip)
  ├─ .output/server/chunks/build/VideoCard-styles.BfUAADBZ.mjs (1.12 kB) (522 B gzip)
  ├─ .output/server/chunks/build/VideoCard-styles.BfUAADBZ.mjs.map (300 B) (200 B gzip)
  ├─ .output/server/chunks/nitro/nitro.mjs (535 kB) (111 kB gzip)
  ├─ .output/server/chunks/nitro/nitro.mjs.map (12.1 kB) (1.91 kB gzip)
  ├─ .output/server/chunks/routes/api/admin/audit.get.mjs (1.36 kB) (551 B gzip)
  ├─ .output/server/chunks/routes/api/admin/audit.get.mjs.map (663 B) (239 B gzip)
  ├─ .output/server/chunks/routes/api/admin/content/_id_.delete.mjs (1.22 kB) (479 B gzip)
  ├─ .output/server/chunks/routes/api/admin/content/_id_.delete.mjs.map (460 B) (210 B gzip)
  ├─ .output/server/chunks/routes/api/admin/federation/activity.get.mjs (1.74 kB) (691 B gzip)
  ├─ .output/server/chunks/routes/api/admin/federation/activity.get.mjs.map (1.04 kB) (331 B gzip)
  ├─ .output/server/chunks/routes/api/admin/federation/stats.get.mjs (2.41 kB) (784 B gzip)
  ├─ .output/server/chunks/routes/api/admin/federation/stats.get.mjs.map (1.95 kB) (330 B gzip)
  ├─ .output/server/chunks/routes/api/admin/reports.get.mjs (1.37 kB) (548 B gzip)
  ├─ .output/server/chunks/routes/api/admin/reports.get.mjs.map (667 B) (241 B gzip)
  ├─ .output/server/chunks/routes/api/admin/reports/_id/resolve.post.mjs (1.41 kB) (550 B gzip)
  ├─ .output/server/chunks/routes/api/admin/reports/_id/resolve.post.mjs.map (602 B) (238 B gzip)
  ├─ .output/server/chunks/routes/api/admin/settings.get.mjs (1.12 kB) (442 B gzip)
  ├─ .output/server/chunks/routes/api/admin/settings.get.mjs.map (337 B) (175 B gzip)
  ├─ .output/server/chunks/routes/api/admin/settings.put.mjs (1.27 kB) (500 B gzip)
  ├─ .output/server/chunks/routes/api/admin/settings.put.mjs.map (458 B) (200 B gzip)
  ├─ .output/server/chunks/routes/api/admin/stats.get.mjs (1.11 kB) (441 B gzip)
  ├─ .output/server/chunks/routes/api/admin/stats.get.mjs.map (331 B) (173 B gzip)
  ├─ .output/server/chunks/routes/api/admin/users.get.mjs (1.41 kB) (565 B gzip)
  ├─ .output/server/chunks/routes/api/admin/users.get.mjs.map (728 B) (254 B gzip)
  ├─ .output/server/chunks/routes/api/admin/users/_id_.delete.mjs (1.21 kB) (476 B gzip)
  ├─ .output/server/chunks/routes/api/admin/users/_id_.delete.mjs.map (458 B) (207 B gzip)
  ├─ .output/server/chunks/routes/api/admin/users/_id/role.put.mjs (1.34 kB) (522 B gzip)
  ├─ .output/server/chunks/routes/api/admin/users/_id/role.put.mjs.map (531 B) (219 B gzip)
  ├─ .output/server/chunks/routes/api/admin/users/_id/status.put.mjs (1.35 kB) (525 B gzip)
  ├─ .output/server/chunks/routes/api/admin/users/_id/status.put.mjs.map (536 B) (220 B gzip)
  ├─ .output/server/chunks/routes/api/cert/_code_.get.mjs (1.23 kB) (512 B gzip)
  ├─ .output/server/chunks/routes/api/cert/_code_.get.mjs.map (497 B) (220 B gzip)
  ├─ .output/server/chunks/routes/api/content/_id/build.post.mjs (1.17 kB) (462 B gzip)
  ├─ .output/server/chunks/routes/api/content/_id/build.post.mjs.map (427 B) (202 B gzip)
  ├─ .output/server/chunks/routes/api/content/_id/fork.post.mjs (1.15 kB) (459 B gzip)
  ├─ .output/server/chunks/routes/api/content/_id/fork.post.mjs.map (425 B) (198 B gzip)
  ├─ .output/server/chunks/routes/api/content/_id/products-sync.post.mjs (1.75 kB) (704 B gzip)
  ├─ .output/server/chunks/routes/api/content/_id/products-sync.post.mjs.map (1.04 kB) (308 B gzip)
  ├─ .output/server/chunks/routes/api/content/_id/products.get.mjs (1.08 kB) (438 B gzip)
  ├─ .output/server/chunks/routes/api/content/_id/products.get.mjs.map (366 B) (195 B gzip)
  ├─ .output/server/chunks/routes/api/content/_id/products.post.mjs (1.79 kB) (700 B gzip)
  ├─ .output/server/chunks/routes/api/content/_id/products.post.mjs.map (992 B) (303 B gzip)
  ├─ .output/server/chunks/routes/api/content/_id/products/_productId_.delete.mjs (1.74 kB) (679 B gzip)
  ├─ .output/server/chunks/routes/api/content/_id/products/_productId_.delete.mjs.map (1.01 kB) (312 B gzip)
  ├─ .output/server/chunks/routes/api/content/_id/publish.post.mjs (1.46 kB) (585 B gzip)
  ├─ .output/server/chunks/routes/api/content/_id/publish.post.mjs.map (648 B) (249 B gzip)
  ├─ .output/server/chunks/routes/api/content/_id/report.post.mjs (1.48 kB) (606 B gzip)
  ├─ .output/server/chunks/routes/api/content/_id/report.post.mjs.map (730 B) (260 B gzip)
  ├─ .output/server/chunks/routes/api/content/_id/versions.get.mjs (1.08 kB) (438 B gzip)
  ├─ .output/server/chunks/routes/api/content/_id/versions.get.mjs.map (366 B) (190 B gzip)
  ├─ .output/server/chunks/routes/api/content/_id/view.post.mjs (1.79 kB) (774 B gzip)
  ├─ .output/server/chunks/routes/api/content/_id/view.post.mjs.map (1.24 kB) (354 B gzip)
  ├─ .output/server/chunks/routes/api/content/index.delete.mjs (1.34 kB) (554 B gzip)
  ├─ .output/server/chunks/routes/api/content/index.delete.mjs.map (574 B) (238 B gzip)
  ├─ .output/server/chunks/routes/api/content/index.get.mjs (1.36 kB) (566 B gzip)
  ├─ .output/server/chunks/routes/api/content/index.get.mjs.map (571 B) (234 B gzip)
  ├─ .output/server/chunks/routes/api/content/index.put.mjs (1.43 kB) (576 B gzip)
  ├─ .output/server/chunks/routes/api/content/index.put.mjs.map (619 B) (239 B gzip)
  ├─ .output/server/chunks/routes/api/contests/_slug/entries.get.mjs (1.58 kB) (652 B gzip)
  ├─ .output/server/chunks/routes/api/contests/_slug/entries.get.mjs.map (902 B) (291 B gzip)
  ├─ .output/server/chunks/routes/api/contests/_slug/entries.post.mjs (1.81 kB) (722 B gzip)
  ├─ .output/server/chunks/routes/api/contests/_slug/entries.post.mjs.map (945 B) (308 B gzip)
  ├─ .output/server/chunks/routes/api/contests/_slug/judge.post.mjs (1.3 kB) (518 B gzip)
  ├─ .output/server/chunks/routes/api/contests/_slug/judge.post.mjs.map (502 B) (221 B gzip)
  ├─ .output/server/chunks/routes/api/contests/_slug/transition.post.mjs (1.78 kB) (677 B gzip)
  ├─ .output/server/chunks/routes/api/contests/_slug/transition.post.mjs.map (935 B) (300 B gzip)
  ├─ .output/server/chunks/routes/api/contests/index.delete.mjs (1.58 kB) (622 B gzip)
  ├─ .output/server/chunks/routes/api/contests/index.delete.mjs.map (779 B) (271 B gzip)
  ├─ .output/server/chunks/routes/api/contests/index.get.mjs (1.26 kB) (530 B gzip)
  ├─ .output/server/chunks/routes/api/contests/index.get.mjs.map (521 B) (220 B gzip)
  ├─ .output/server/chunks/routes/api/contests/index.put.mjs (1.48 kB) (595 B gzip)
  ├─ .output/server/chunks/routes/api/contests/index.put.mjs.map (637 B) (250 B gzip)
  ├─ .output/server/chunks/routes/api/docs/_siteSlug/index.get.mjs (1.84 kB) (726 B gzip)
  ├─ .output/server/chunks/routes/api/docs/_siteSlug/index.get.mjs.map (1.15 kB) (344 B gzip)
  ├─ .output/server/chunks/routes/api/docs/_siteSlug/index.post.mjs (1.85 kB) (719 B gzip)
  ├─ .output/server/chunks/routes/api/docs/_siteSlug/index.post.mjs.map (1.07 kB) (323 B gzip)
  ├─ .output/server/chunks/routes/api/docs/_siteSlug/nav.get.mjs (1.88 kB) (779 B gzip)
  ├─ .output/server/chunks/routes/api/docs/_siteSlug/nav.get.mjs.map (1.29 kB) (365 B gzip)
  ├─ .output/server/chunks/routes/api/docs/_siteSlug/pages/_pageId_.delete.mjs (1.38 kB) (559 B gzip)
  ├─ .output/server/chunks/routes/api/docs/_siteSlug/pages/_pageId_.delete.mjs.map (595 B) (250 B gzip)
  ├─ .output/server/chunks/routes/api/docs/_siteSlug/pages/_pageId_.get.mjs (2.02 kB) (764 B gzip)
  ├─ .output/server/chunks/routes/api/docs/_siteSlug/pages/_pageId_.get.mjs.map (1.38 kB) (354 B gzip)
  ├─ .output/server/chunks/routes/api/docs/_siteSlug/pages/_pageId_.put.mjs (1.47 kB) (582 B gzip)
  ├─ .output/server/chunks/routes/api/docs/_siteSlug/pages/_pageId_.put.mjs.map (640 B) (254 B gzip)
  ├─ .output/server/chunks/routes/api/docs/_siteSlug/pages/reorder.post.mjs (1.9 kB) (745 B gzip)
  ├─ .output/server/chunks/routes/api/docs/_siteSlug/pages/reorder.post.mjs.map (1.2 kB) (340 B gzip)
  ├─ .output/server/chunks/routes/api/docs/_siteSlug/search.get.mjs (1.71 kB) (720 B gzip)
  ├─ .output/server/chunks/routes/api/docs/_siteSlug/search.get.mjs.map (1.08 kB) (324 B gzip)
  ├─ .output/server/chunks/routes/api/docs/_siteSlug/versions.post.mjs (1.32 kB) (506 B gzip)
  ├─ .output/server/chunks/routes/api/docs/_siteSlug/versions.post.mjs.map (503 B) (219 B gzip)
  ├─ .output/server/chunks/routes/api/docs/index.delete.mjs (1.39 kB) (565 B gzip)
  ├─ .output/server/chunks/routes/api/docs/index.delete.mjs.map (608 B) (250 B gzip)
  ├─ .output/server/chunks/routes/api/docs/index.get.mjs (1.28 kB) (541 B gzip)
  ├─ .output/server/chunks/routes/api/docs/index.get.mjs.map (566 B) (243 B gzip)
  ├─ .output/server/chunks/routes/api/docs/index.put.mjs (1.65 kB) (636 B gzip)
  ├─ .output/server/chunks/routes/api/docs/index.put.mjs.map (819 B) (273 B gzip)
  ├─ .output/server/chunks/routes/api/files/_id_.delete.mjs (1.79 kB) (751 B gzip)
  ├─ .output/server/chunks/routes/api/files/_id_.delete.mjs.map (1.13 kB) (333 B gzip)
  ├─ .output/server/chunks/routes/api/files/mine.get.mjs (1.64 kB) (706 B gzip)
  ├─ .output/server/chunks/routes/api/files/mine.get.mjs.map (1.08 kB) (310 B gzip)
  ├─ .output/server/chunks/routes/api/files/upload-from-url.post.mjs (3 kB) (1.2 kB gzip)
  ├─ .output/server/chunks/routes/api/files/upload-from-url.post.mjs.map (2.24 kB) (514 B gzip)
  ├─ .output/server/chunks/routes/api/files/upload.post.mjs (3.4 kB) (1.22 kB gzip)
  ├─ .output/server/chunks/routes/api/files/upload.post.mjs.map (2.78 kB) (593 B gzip)
  ├─ .output/server/chunks/routes/api/health.get.mjs (913 B) (397 B gzip)
  ├─ .output/server/chunks/routes/api/health.get.mjs.map (267 B) (162 B gzip)
  ├─ .output/server/chunks/routes/api/hubs/_slug/bans.get.mjs (1.56 kB) (640 B gzip)
  ├─ .output/server/chunks/routes/api/hubs/_slug/bans.get.mjs.map (839 B) (275 B gzip)
  ├─ .output/server/chunks/routes/api/hubs/_slug/bans.post.mjs (1.53 kB) (626 B gzip)
  ├─ .output/server/chunks/routes/api/hubs/_slug/bans.post.mjs.map (795 B) (277 B gzip)
  ├─ .output/server/chunks/routes/api/hubs/_slug/bans/_userId_.delete.mjs (1.42 kB) (577 B gzip)
  ├─ .output/server/chunks/routes/api/hubs/_slug/bans/_userId_.delete.mjs.map (665 B) (261 B gzip)
  ├─ .output/server/chunks/routes/api/hubs/_slug/feed.xml.get.mjs (3.25 kB) (1.32 kB gzip)
  ├─ .output/server/chunks/routes/api/hubs/_slug/feed.xml.get.mjs.map (2.33 kB) (537 B gzip)
  ├─ .output/server/chunks/routes/api/hubs/_slug/gallery.get.mjs (1.51 kB) (640 B gzip)
  ├─ .output/server/chunks/routes/api/hubs/_slug/gallery.get.mjs.map (876 B) (288 B gzip)
  ├─ .output/server/chunks/routes/api/hubs/_slug/index.get.mjs (1.36 kB) (575 B gzip)
  ├─ .output/server/chunks/routes/api/hubs/_slug/index.get.mjs.map (612 B) (241 B gzip)
  ├─ .output/server/chunks/routes/api/hubs/_slug/index.post.mjs (1.53 kB) (613 B gzip)
  ├─ .output/server/chunks/routes/api/hubs/_slug/index.post.mjs.map (759 B) (275 B gzip)
  ├─ .output/server/chunks/routes/api/hubs/_slug/invites.get.mjs (1.58 kB) (643 B gzip)
  ├─ .output/server/chunks/routes/api/hubs/_slug/invites.get.mjs.map (845 B) (278 B gzip)
  ├─ .output/server/chunks/routes/api/hubs/_slug/invites.post.mjs (1.69 kB) (661 B gzip)
  ├─ .output/server/chunks/routes/api/hubs/_slug/invites.post.mjs.map (913 B) (294 B gzip)
  ├─ .output/server/chunks/routes/api/hubs/_slug/join.post.mjs (1.55 kB) (636 B gzip)
  ├─ .output/server/chunks/routes/api/hubs/_slug/join.post.mjs.map (785 B) (277 B gzip)
  ├─ .output/server/chunks/routes/api/hubs/_slug/leave.post.mjs (1.36 kB) (558 B gzip)
  ├─ .output/server/chunks/routes/api/hubs/_slug/leave.post.mjs.map (597 B) (241 B gzip)
  ├─ .output/server/chunks/routes/api/hubs/_slug/members.get.mjs (1.52 kB) (635 B gzip)
  ├─ .output/server/chunks/routes/api/hubs/_slug/members.get.mjs.map (881 B) (290 B gzip)
  ├─ .output/server/chunks/routes/api/hubs/_slug/members/_userId_.delete.mjs (1.42 kB) (578 B gzip)
  ├─ .output/server/chunks/routes/api/hubs/_slug/members/_userId_.delete.mjs.map (668 B) (263 B gzip)
  ├─ .output/server/chunks/routes/api/hubs/_slug/members/_userId_.put.mjs (1.5 kB) (606 B gzip)
  ├─ .output/server/chunks/routes/api/hubs/_slug/members/_userId_.put.mjs.map (738 B) (269 B gzip)
  ├─ .output/server/chunks/routes/api/hubs/_slug/posts/_postId_.delete.mjs (1.42 kB) (577 B gzip)
  ├─ .output/server/chunks/routes/api/hubs/_slug/posts/_postId_.delete.mjs.map (666 B) (260 B gzip)
  ├─ .output/server/chunks/routes/api/hubs/_slug/posts/_postId/replies.get.mjs (1.34 kB) (541 B gzip)
  ├─ .output/server/chunks/routes/api/hubs/_slug/posts/_postId/replies.get.mjs.map (726 B) (260 B gzip)
  ├─ .output/server/chunks/routes/api/hubs/_slug/posts/_postId/replies.post.mjs (1.55 kB) (625 B gzip)
  ├─ .output/server/chunks/routes/api/hubs/_slug/posts/_postId/replies.post.mjs.map (773 B) (279 B gzip)
  ├─ .output/server/chunks/routes/api/hubs/_slug/products.get.mjs (1.71 kB) (694 B gzip)
  ├─ .output/server/chunks/routes/api/hubs/_slug/products.get.mjs.map (1.01 kB) (312 B gzip)
  ├─ .output/server/chunks/routes/api/hubs/_slug/products.post.mjs (1.48 kB) (592 B gzip)
  ├─ .output/server/chunks/routes/api/hubs/_slug/products.post.mjs.map (679 B) (256 B gzip)
  ├─ .output/server/chunks/routes/api/hubs/_slug/share.post.mjs (1.7 kB) (676 B gzip)
  ├─ .output/server/chunks/routes/api/hubs/_slug/share.post.mjs.map (920 B) (290 B gzip)
  ├─ .output/server/chunks/routes/api/hubs/index.delete.mjs (1.51 kB) (599 B gzip)
  ├─ .output/server/chunks/routes/api/hubs/index.delete.mjs.map (754 B) (263 B gzip)
  ├─ .output/server/chunks/routes/api/hubs/index.get.mjs (1.35 kB) (562 B gzip)
  ├─ .output/server/chunks/routes/api/hubs/index.get.mjs.map (554 B) (232 B gzip)
  ├─ .output/server/chunks/routes/api/hubs/index.put.mjs (1.59 kB) (627 B gzip)
  ├─ .output/server/chunks/routes/api/hubs/index.put.mjs.map (808 B) (268 B gzip)
  ├─ .output/server/chunks/routes/api/index.get.mjs (1.52 kB) (619 B gzip)
  ├─ .output/server/chunks/routes/api/index.get.mjs.map (668 B) (251 B gzip)
  ├─ .output/server/chunks/routes/api/index.get10.mjs (2.98 kB) (1.16 kB gzip)
  ├─ .output/server/chunks/routes/api/index.get10.mjs.map (2.88 kB) (574 B gzip)
  ├─ .output/server/chunks/routes/api/index.get11.mjs (1.09 kB) (450 B gzip)
  ├─ .output/server/chunks/routes/api/index.get11.mjs.map (336 B) (180 B gzip)
  ├─ .output/server/chunks/routes/api/index.get2.mjs (1.14 kB) (474 B gzip)
  ├─ .output/server/chunks/routes/api/index.get2.mjs.map (367 B) (189 B gzip)
  ├─ .output/server/chunks/routes/api/index.get3.mjs (932 B) (395 B gzip)
  ├─ .output/server/chunks/routes/api/index.get3.mjs.map (265 B) (164 B gzip)
  ├─ .output/server/chunks/routes/api/index.get4.mjs (1.08 kB) (450 B gzip)
  ├─ .output/server/chunks/routes/api/index.get4.mjs.map (333 B) (182 B gzip)
  ├─ .output/server/chunks/routes/api/index.get5.mjs (1.41 kB) (579 B gzip)
  ├─ .output/server/chunks/routes/api/index.get5.mjs.map (607 B) (242 B gzip)
  ├─ .output/server/chunks/routes/api/index.get6.mjs (1.04 kB) (430 B gzip)
  ├─ .output/server/chunks/routes/api/index.get6.mjs.map (336 B) (184 B gzip)
  ├─ .output/server/chunks/routes/api/index.get7.mjs (1.58 kB) (645 B gzip)
  ├─ .output/server/chunks/routes/api/index.get7.mjs.map (980 B) (306 B gzip)
  ├─ .output/server/chunks/routes/api/index.get8.mjs (1.69 kB) (659 B gzip)
  ├─ .output/server/chunks/routes/api/index.get8.mjs.map (1.11 kB) (307 B gzip)
  ├─ .output/server/chunks/routes/api/index.get9.mjs (1.34 kB) (571 B gzip)
  ├─ .output/server/chunks/routes/api/index.get9.mjs.map (672 B) (264 B gzip)
  ├─ .output/server/chunks/routes/api/index.post.mjs (1.18 kB) (467 B gzip)
  ├─ .output/server/chunks/routes/api/index.post.mjs.map (407 B) (197 B gzip)
  ├─ .output/server/chunks/routes/api/index.post2.mjs (1.66 kB) (710 B gzip)
  ├─ .output/server/chunks/routes/api/index.post2.mjs.map (931 B) (314 B gzip)
  ├─ .output/server/chunks/routes/api/index.post3.mjs (1.19 kB) (471 B gzip)
  ├─ .output/server/chunks/routes/api/index.post3.mjs.map (405 B) (197 B gzip)
  ├─ .output/server/chunks/routes/api/index.post4.mjs (1.17 kB) (469 B gzip)
  ├─ .output/server/chunks/routes/api/index.post4.mjs.map (404 B) (195 B gzip)
  ├─ .output/server/chunks/routes/api/index.post5.mjs (1.19 kB) (477 B gzip)
  ├─ .output/server/chunks/routes/api/index.post5.mjs.map (406 B) (199 B gzip)
  ├─ .output/server/chunks/routes/api/index.post6.mjs (2.38 kB) (949 B gzip)
  ├─ .output/server/chunks/routes/api/index.post6.mjs.map (1.74 kB) (435 B gzip)
  ├─ .output/server/chunks/routes/api/index.post7.mjs (1.19 kB) (480 B gzip)
  ├─ .output/server/chunks/routes/api/index.post7.mjs.map (417 B) (205 B gzip)
  ├─ .output/server/chunks/routes/api/learn/_slug/_lessonSlug/complete.post.mjs (1.59 kB) (631 B gzip)
  ├─ .output/server/chunks/routes/api/learn/_slug/_lessonSlug/complete.post.mjs.map (846 B) (279 B gzip)
  ├─ .output/server/chunks/routes/api/learn/_slug/enroll.post.mjs (1.34 kB) (545 B gzip)
  ├─ .output/server/chunks/routes/api/learn/_slug/enroll.post.mjs.map (595 B) (231 B gzip)
  ├─ .output/server/chunks/routes/api/learn/_slug/index.get.mjs (3.57 kB) (1.22 kB gzip)
  ├─ .output/server/chunks/routes/api/learn/_slug/index.get.mjs.map (3.34 kB) (604 B gzip)
  ├─ .output/server/chunks/routes/api/learn/_slug/lessons.post.mjs (1.2 kB) (467 B gzip)
  ├─ .output/server/chunks/routes/api/learn/_slug/lessons.post.mjs.map (422 B) (202 B gzip)
  ├─ .output/server/chunks/routes/api/learn/_slug/lessons/_lessonId_.delete.mjs (1.39 kB) (558 B gzip)
  ├─ .output/server/chunks/routes/api/learn/_slug/lessons/_lessonId_.delete.mjs.map (598 B) (249 B gzip)
  ├─ .output/server/chunks/routes/api/learn/_slug/lessons/_lessonId_.put.mjs (1.79 kB) (740 B gzip)
  ├─ .output/server/chunks/routes/api/learn/_slug/lessons/_lessonId_.put.mjs.map (1.15 kB) (334 B gzip)
  ├─ .output/server/chunks/routes/api/learn/_slug/modules.post.mjs (1.48 kB) (593 B gzip)
  ├─ .output/server/chunks/routes/api/learn/_slug/modules.post.mjs.map (698 B) (256 B gzip)
  ├─ .output/server/chunks/routes/api/learn/_slug/modules/_moduleId_.delete.mjs (1.39 kB) (558 B gzip)
  ├─ .output/server/chunks/routes/api/learn/_slug/modules/_moduleId_.delete.mjs.map (598 B) (250 B gzip)
  ├─ .output/server/chunks/routes/api/learn/_slug/modules/_moduleId_.put.mjs (1.48 kB) (580 B gzip)
  ├─ .output/server/chunks/routes/api/learn/_slug/modules/_moduleId_.put.mjs.map (643 B) (257 B gzip)
  ├─ .output/server/chunks/routes/api/learn/_slug/publish.post.mjs (1.35 kB) (548 B gzip)
  ├─ .output/server/chunks/routes/api/learn/_slug/publish.post.mjs.map (597 B) (236 B gzip)
  ├─ .output/server/chunks/routes/api/learn/_slug/unenroll.post.mjs (1.35 kB) (547 B gzip)
  ├─ .output/server/chunks/routes/api/learn/_slug/unenroll.post.mjs.map (599 B) (236 B gzip)
  ├─ .output/server/chunks/routes/api/learn/certificates.get.mjs (1.07 kB) (427 B gzip)
  ├─ .output/server/chunks/routes/api/learn/certificates.get.mjs.map (349 B) (187 B gzip)
  ├─ .output/server/chunks/routes/api/learn/enrollments.get.mjs (1.06 kB) (426 B gzip)
  ├─ .output/server/chunks/routes/api/learn/enrollments.get.mjs.map (347 B) (184 B gzip)
  ├─ .output/server/chunks/routes/api/learn/index.delete.mjs (1.34 kB) (545 B gzip)
  ├─ .output/server/chunks/routes/api/learn/index.delete.mjs.map (594 B) (236 B gzip)
  ├─ .output/server/chunks/routes/api/learn/index.get.mjs (1.34 kB) (562 B gzip)
  ├─ .output/server/chunks/routes/api/learn/index.get.mjs.map (555 B) (233 B gzip)
  ├─ .output/server/chunks/routes/api/learn/index.put.mjs (1.61 kB) (633 B gzip)
  ├─ .output/server/chunks/routes/api/learn/index.put.mjs.map (795 B) (269 B gzip)
  ├─ .output/server/chunks/routes/api/me.get.mjs (1.01 kB) (424 B gzip)
  ├─ .output/server/chunks/routes/api/me.get.mjs.map (393 B) (190 B gzip)
  ├─ .output/server/chunks/routes/api/messages/_conversationId_.get.mjs (1.35 kB) (505 B gzip)
  ├─ .output/server/chunks/routes/api/messages/_conversationId_.get.mjs.map (533 B) (225 B gzip)
  ├─ .output/server/chunks/routes/api/messages/_conversationId_.post.mjs (1.33 kB) (510 B gzip)
  ├─ .output/server/chunks/routes/api/messages/_conversationId_.post.mjs.map (514 B) (232 B gzip)
  ├─ .output/server/chunks/routes/api/messages/_conversationId/info.get.mjs (1.58 kB) (658 B gzip)
  ├─ .output/server/chunks/routes/api/messages/_conversationId/info.get.mjs.map (888 B) (307 B gzip)
  ├─ .output/server/chunks/routes/api/messages/_conversationId/stream.get.mjs (3.01 kB) (961 B gzip)
  ├─ .output/server/chunks/routes/api/messages/_conversationId/stream.get.mjs.map (2.22 kB) (513 B gzip)
  ├─ .output/server/chunks/routes/api/notifications/_id_.delete.mjs (1.19 kB) (477 B gzip)
  ├─ .output/server/chunks/routes/api/notifications/_id_.delete.mjs.map (463 B) (211 B gzip)
  ├─ .output/server/chunks/routes/api/notifications/count.get.mjs (1.07 kB) (434 B gzip)
  ├─ .output/server/chunks/routes/api/notifications/count.get.mjs.map (382 B) (190 B gzip)
  ├─ .output/server/chunks/routes/api/notifications/read.post.mjs (1.27 kB) (504 B gzip)
  ├─ .output/server/chunks/routes/api/notifications/read.post.mjs.map (559 B) (224 B gzip)
  ├─ .output/server/chunks/routes/api/notifications/stream.get.mjs (2.46 kB) (849 B gzip)
  ├─ .output/server/chunks/routes/api/notifications/stream.get.mjs.map (1.82 kB) (430 B gzip)
  ├─ .output/server/chunks/routes/api/openapi.get.mjs (901 B) (369 B gzip)
  ├─ .output/server/chunks/routes/api/openapi.get.mjs.map (214 B) (146 B gzip)
  ├─ .output/server/chunks/routes/api/products/_id_.delete.mjs (1.3 kB) (532 B gzip)
  ├─ .output/server/chunks/routes/api/products/_id_.delete.mjs.map (548 B) (233 B gzip)
  ├─ .output/server/chunks/routes/api/products/_id_.put.mjs (1.41 kB) (567 B gzip)
  ├─ .output/server/chunks/routes/api/products/_id_.put.mjs.map (613 B) (244 B gzip)
  ├─ .output/server/chunks/routes/api/products/_slug_.get.mjs (1.22 kB) (513 B gzip)
  ├─ .output/server/chunks/routes/api/products/_slug_.get.mjs.map (501 B) (226 B gzip)
  ├─ .output/server/chunks/routes/api/products/_slug/content.get.mjs (1.53 kB) (641 B gzip)
  ├─ .output/server/chunks/routes/api/products/_slug/content.get.mjs.map (880 B) (292 B gzip)
  ├─ .output/server/chunks/routes/api/profile.get.mjs (1.2 kB) (504 B gzip)
  ├─ .output/server/chunks/routes/api/profile.get.mjs.map (466 B) (210 B gzip)
  ├─ .output/server/chunks/routes/api/profile.put.mjs (1.49 kB) (601 B gzip)
  ├─ .output/server/chunks/routes/api/profile.put.mjs.map (703 B) (255 B gzip)
  ├─ .output/server/chunks/routes/api/resolve-identity.post.mjs (1.51 kB) (631 B gzip)
  ├─ .output/server/chunks/routes/api/resolve-identity.post.mjs.map (950 B) (303 B gzip)
  ├─ .output/server/chunks/routes/api/search/trending.get.mjs (1.23 kB) (519 B gzip)
  ├─ .output/server/chunks/routes/api/search/trending.get.mjs.map (635 B) (256 B gzip)
  ├─ .output/server/chunks/routes/api/social/bookmark.post.mjs (1.37 kB) (558 B gzip)
  ├─ .output/server/chunks/routes/api/social/bookmark.post.mjs.map (621 B) (251 B gzip)
  ├─ .output/server/chunks/routes/api/social/bookmarks.get.mjs (1.36 kB) (547 B gzip)
  ├─ .output/server/chunks/routes/api/social/bookmarks.get.mjs.map (678 B) (245 B gzip)
  ├─ .output/server/chunks/routes/api/social/comments.get.mjs (1.42 kB) (573 B gzip)
  ├─ .output/server/chunks/routes/api/social/comments.get.mjs.map (795 B) (268 B gzip)
  ├─ .output/server/chunks/routes/api/social/comments.post.mjs (1.2 kB) (470 B gzip)
  ├─ .output/server/chunks/routes/api/social/comments.post.mjs.map (415 B) (197 B gzip)
  ├─ .output/server/chunks/routes/api/social/comments/_id_.delete.mjs (1.35 kB) (555 B gzip)
  ├─ .output/server/chunks/routes/api/social/comments/_id_.delete.mjs.map (578 B) (242 B gzip)
  ├─ .output/server/chunks/routes/api/social/like.get.mjs (1.35 kB) (540 B gzip)
  ├─ .output/server/chunks/routes/api/social/like.get.mjs.map (596 B) (233 B gzip)
  ├─ .output/server/chunks/routes/api/social/like.post.mjs (1.32 kB) (526 B gzip)
  ├─ .output/server/chunks/routes/api/social/like.post.mjs.map (549 B) (232 B gzip)
  ├─ .output/server/chunks/routes/api/stats.get.mjs (965 B) (405 B gzip)
  ├─ .output/server/chunks/routes/api/stats.get.mjs.map (300 B) (164 B gzip)
  ├─ .output/server/chunks/routes/api/user/hubs.get.mjs (1.29 kB) (538 B gzip)
  ├─ .output/server/chunks/routes/api/user/hubs.get.mjs.map (666 B) (251 B gzip)
  ├─ .output/server/chunks/routes/api/users/_username_.get.mjs (1.58 kB) (654 B gzip)
  ├─ .output/server/chunks/routes/api/users/_username_.get.mjs.map (932 B) (305 B gzip)
  ├─ .output/server/chunks/routes/api/users/_username/content.get.mjs (1.5 kB) (609 B gzip)
  ├─ .output/server/chunks/routes/api/users/_username/content.get.mjs.map (703 B) (268 B gzip)
  ├─ .output/server/chunks/routes/api/users/_username/feed.xml.get.mjs (3.27 kB) (1.35 kB gzip)
  ├─ .output/server/chunks/routes/api/users/_username/feed.xml.get.mjs.map (2.35 kB) (551 B gzip)
  ├─ .output/server/chunks/routes/api/users/_username/follow.delete.mjs (1.39 kB) (560 B gzip)
  ├─ .output/server/chunks/routes/api/users/_username/follow.delete.mjs.map (609 B) (248 B gzip)
  ├─ .output/server/chunks/routes/api/users/_username/follow.post.mjs (1.38 kB) (556 B gzip)
  ├─ .output/server/chunks/routes/api/users/_username/follow.post.mjs.map (605 B) (247 B gzip)
  ├─ .output/server/chunks/routes/api/users/_username/followers.get.mjs (1.54 kB) (642 B gzip)
  ├─ .output/server/chunks/routes/api/users/_username/followers.get.mjs.map (886 B) (292 B gzip)
  ├─ .output/server/chunks/routes/api/users/_username/following.get.mjs (1.54 kB) (643 B gzip)
  ├─ .output/server/chunks/routes/api/users/_username/following.get.mjs.map (886 B) (293 B gzip)
  ├─ .output/server/chunks/routes/api/users/_username/learning.get.mjs (1.46 kB) (585 B gzip)
  ├─ .output/server/chunks/routes/api/users/_username/learning.get.mjs.map (708 B) (264 B gzip)
  ├─ .output/server/chunks/routes/api/videos/_id_.get.mjs (1.25 kB) (527 B gzip)
  ├─ .output/server/chunks/routes/api/videos/_id_.get.mjs.map (520 B) (217 B gzip)
  ├─ .output/server/chunks/routes/api/videos/categories.get.mjs (961 B) (396 B gzip)
  ├─ .output/server/chunks/routes/api/videos/categories.get.mjs.map (280 B) (170 B gzip)
  ├─ .output/server/chunks/routes/api/videos/categories.post.mjs (1.21 kB) (464 B gzip)
  ├─ .output/server/chunks/routes/api/videos/categories.post.mjs.map (385 B) (194 B gzip)
  ├─ .output/server/chunks/routes/api/videos/categories/_id_.delete.mjs (1.32 kB) (538 B gzip)
  ├─ .output/server/chunks/routes/api/videos/categories/_id_.delete.mjs.map (561 B) (244 B gzip)
  ├─ .output/server/chunks/routes/api/videos/categories/_id_.put.mjs (1.43 kB) (573 B gzip)
  ├─ .output/server/chunks/routes/api/videos/categories/_id_.put.mjs.map (611 B) (252 B gzip)
  ├─ .output/server/chunks/routes/feed.xml.mjs (2.93 kB) (1.2 kB gzip)
  ├─ .output/server/chunks/routes/feed.xml.mjs.map (2.09 kB) (487 B gzip)
  ├─ .output/server/chunks/routes/inbox.mjs (3.3 kB) (1.19 kB gzip)
  ├─ .output/server/chunks/routes/inbox.mjs.map (2.54 kB) (516 B gzip)
  ├─ .output/server/chunks/routes/nodeinfo/2.1.mjs (1.35 kB) (568 B gzip)
  ├─ .output/server/chunks/routes/nodeinfo/2.1.mjs.map (717 B) (261 B gzip)
  ├─ .output/server/chunks/routes/renderer.mjs (17.1 kB) (5.55 kB gzip)
  ├─ .output/server/chunks/routes/renderer.mjs.map (1.94 kB) (385 B gzip)
  ├─ .output/server/chunks/routes/robots.txt.mjs (1.3 kB) (551 B gzip)
  ├─ .output/server/chunks/routes/robots.txt.mjs.map (489 B) (210 B gzip)
  ├─ .output/server/chunks/routes/sitemap.xml.mjs (3.59 kB) (1.3 kB gzip)
  ├─ .output/server/chunks/routes/sitemap.xml.mjs.map (3.18 kB) (568 B gzip)
  ├─ .output/server/chunks/routes/users/_username_.mjs (2.45 kB) (971 B gzip)
  ├─ .output/server/chunks/routes/users/_username_.mjs.map (1.7 kB) (437 B gzip)
  ├─ .output/server/chunks/routes/users/_username/followers.mjs (1.77 kB) (762 B gzip)
  ├─ .output/server/chunks/routes/users/_username/followers.mjs.map (1.05 kB) (328 B gzip)
  ├─ .output/server/chunks/routes/users/_username/following.mjs (1.78 kB) (763 B gzip)
  ├─ .output/server/chunks/routes/users/_username/following.mjs.map (1.05 kB) (331 B gzip)
  ├─ .output/server/chunks/routes/users/_username/inbox.mjs (3.31 kB) (1.19 kB gzip)
  ├─ .output/server/chunks/routes/users/_username/inbox.mjs.map (2.56 kB) (531 B gzip)
  ├─ .output/server/chunks/routes/users/_username/outbox.mjs (1.4 kB) (598 B gzip)
  ├─ .output/server/chunks/routes/users/_username/outbox.mjs.map (616 B) (252 B gzip)
  ├─ .output/server/chunks/virtual/_virtual_spa-template.mjs (94 B) (100 B gzip)
  ├─ .output/server/chunks/virtual/_virtual_spa-template.mjs.map (90 B) (98 B gzip)
  ├─ .output/server/index.mjs (838 B) (342 B gzip)
  └─ .output/server/package.json (11.2 kB) (2.91 kB gzip)
Σ Total size: 53.3 MB (15.7 MB gzip)
[nitro] ✔ You can preview this build using node .output/server/index.mjs
│
└  ✨ Build complete!
